{"D:\\PROJECTS\\personalProjects\\healthon\\health-on-project\\server\\src\\app.js": {"path":"D:\\PROJECTS\\personalProjects\\healthon\\health-on-project\\server\\src\\app.js","statementMap":{"0":{"start":{"line":1,"column":16},"end":{"line":1,"column":34}},"1":{"start":{"line":2,"column":13},"end":{"line":2,"column":28}},"2":{"start":{"line":3,"column":21},"end":{"line":3,"column":45}},"3":{"start":{"line":4,"column":12},"end":{"line":4,"column":35}},"4":{"start":{"line":5,"column":21},"end":{"line":5,"column":57}},"5":{"start":{"line":7,"column":19},"end":{"line":7,"column":50}},"6":{"start":{"line":8,"column":27},"end":{"line":8,"column":66}},"7":{"start":{"line":9,"column":21},"end":{"line":9,"column":54}},"8":{"start":{"line":10,"column":28},"end":{"line":10,"column":68}},"9":{"start":{"line":11,"column":25},"end":{"line":11,"column":62}},"10":{"start":{"line":12,"column":24},"end":{"line":12,"column":60}},"11":{"start":{"line":13,"column":24},"end":{"line":13,"column":60}},"12":{"start":{"line":15,"column":12},"end":{"line":15,"column":21}},"13":{"start":{"line":17,"column":0},"end":{"line":17,"column":63}},"14":{"start":{"line":18,"column":0},"end":{"line":18,"column":40}},"15":{"start":{"line":19,"column":0},"end":{"line":19,"column":48}},"16":{"start":{"line":20,"column":0},"end":{"line":20,"column":24}},"17":{"start":{"line":23,"column":0},"end":{"line":23,"column":98}},"18":{"start":{"line":23,"column":33},"end":{"line":23,"column":96}},"19":{"start":{"line":26,"column":0},"end":{"line":26,"column":29}},"20":{"start":{"line":27,"column":0},"end":{"line":27,"column":45}},"21":{"start":{"line":28,"column":0},"end":{"line":28,"column":33}},"22":{"start":{"line":29,"column":0},"end":{"line":29,"column":47}},"23":{"start":{"line":30,"column":0},"end":{"line":30,"column":42}},"24":{"start":{"line":31,"column":0},"end":{"line":31,"column":39}},"25":{"start":{"line":32,"column":0},"end":{"line":32,"column":40}},"26":{"start":{"line":34,"column":0},"end":{"line":34,"column":77}},"27":{"start":{"line":34,"column":22},"end":{"line":34,"column":75}},"28":{"start":{"line":35,"column":0},"end":{"line":35,"column":22}},"29":{"start":{"line":37,"column":0},"end":{"line":41,"column":1}},"30":{"start":{"line":38,"column":2},"end":{"line":40,"column":5}},"31":{"start":{"line":39,"column":4},"end":{"line":39,"column":81}},"32":{"start":{"line":43,"column":0},"end":{"line":43,"column":21}}},"fnMap":{"0":{"name":"(anonymous_0)","decl":{"start":{"line":23,"column":19},"end":{"line":23,"column":20}},"loc":{"start":{"line":23,"column":33},"end":{"line":23,"column":96}},"line":23},"1":{"name":"(anonymous_1)","decl":{"start":{"line":34,"column":8},"end":{"line":34,"column":9}},"loc":{"start":{"line":34,"column":22},"end":{"line":34,"column":75}},"line":34},"2":{"name":"(anonymous_2)","decl":{"start":{"line":38,"column":23},"end":{"line":38,"column":24}},"loc":{"start":{"line":38,"column":29},"end":{"line":40,"column":3}},"line":38}},"branchMap":{"0":{"loc":{"start":{"line":37,"column":0},"end":{"line":41,"column":1}},"type":"if","locations":[{"start":{"line":37,"column":0},"end":{"line":41,"column":1}},{"start":{},"end":{}}],"line":37}},"s":{"0":7,"1":7,"2":7,"3":7,"4":7,"5":7,"6":7,"7":7,"8":7,"9":7,"10":7,"11":7,"12":7,"13":7,"14":7,"15":7,"16":7,"17":7,"18":0,"19":7,"20":7,"21":7,"22":7,"23":7,"24":7,"25":7,"26":7,"27":0,"28":7,"29":7,"30":0,"31":0,"32":7},"f":{"0":0,"1":0,"2":0},"b":{"0":[0,7]},"_coverageSchema":"1a1c01bbd47fc00a2c39e90264f33305004495a9","hash":"98466f3d733c1c2d9690749052065fc119d3e310"}
,"D:\\PROJECTS\\personalProjects\\healthon\\health-on-project\\server\\src\\config\\env.js": {"path":"D:\\PROJECTS\\personalProjects\\healthon\\health-on-project\\server\\src\\config\\env.js","statementMap":{"0":{"start":{"line":1,"column":0},"end":{"line":1,"column":27}},"1":{"start":{"line":3,"column":17},"end":{"line":3,"column":80}},"2":{"start":{"line":5,"column":0},"end":{"line":9,"column":1}},"3":{"start":{"line":6,"column":2},"end":{"line":8,"column":3}},"4":{"start":{"line":7,"column":4},"end":{"line":7,"column":114}},"5":{"start":{"line":11,"column":0},"end":{"line":26,"column":2}}},"fnMap":{},"branchMap":{"0":{"loc":{"start":{"line":6,"column":2},"end":{"line":8,"column":3}},"type":"if","locations":[{"start":{"line":6,"column":2},"end":{"line":8,"column":3}},{"start":{},"end":{}}],"line":6},"1":{"loc":{"start":{"line":12,"column":8},"end":{"line":12,"column":32}},"type":"binary-expr","locations":[{"start":{"line":12,"column":8},"end":{"line":12,"column":24}},{"start":{"line":12,"column":28},"end":{"line":12,"column":32}}],"line":12},"2":{"loc":{"start":{"line":13,"column":15},"end":{"line":13,"column":76}},"type":"binary-expr","locations":[{"start":{"line":13,"column":15},"end":{"line":13,"column":39}},{"start":{"line":13,"column":43},"end":{"line":13,"column":76}}],"line":13},"3":{"loc":{"start":{"line":14,"column":26},"end":{"line":14,"column":97}},"type":"binary-expr","locations":[{"start":{"line":14,"column":26},"end":{"line":14,"column":63}},{"start":{"line":14,"column":67},"end":{"line":14,"column":97}}],"line":14},"4":{"loc":{"start":{"line":15,"column":19},"end":{"line":15,"column":74}},"type":"binary-expr","locations":[{"start":{"line":15,"column":19},"end":{"line":15,"column":48}},{"start":{"line":15,"column":52},"end":{"line":15,"column":74}}],"line":15},"5":{"loc":{"start":{"line":16,"column":16},"end":{"line":16,"column":69}},"type":"binary-expr","locations":[{"start":{"line":16,"column":16},"end":{"line":16,"column":42}},{"start":{"line":16,"column":46},"end":{"line":16,"column":69}}],"line":16},"6":{"loc":{"start":{"line":18,"column":10},"end":{"line":18,"column":53}},"type":"binary-expr","locations":[{"start":{"line":18,"column":10},"end":{"line":18,"column":31}},{"start":{"line":18,"column":35},"end":{"line":18,"column":53}}],"line":18},"7":{"loc":{"start":{"line":19,"column":17},"end":{"line":19,"column":45}},"type":"binary-expr","locations":[{"start":{"line":19,"column":17},"end":{"line":19,"column":38}},{"start":{"line":19,"column":42},"end":{"line":19,"column":45}}],"line":19},"8":{"loc":{"start":{"line":20,"column":10},"end":{"line":20,"column":37}},"type":"binary-expr","locations":[{"start":{"line":20,"column":10},"end":{"line":20,"column":31}},{"start":{"line":20,"column":35},"end":{"line":20,"column":37}}],"line":20},"9":{"loc":{"start":{"line":21,"column":10},"end":{"line":21,"column":37}},"type":"binary-expr","locations":[{"start":{"line":21,"column":10},"end":{"line":21,"column":31}},{"start":{"line":21,"column":35},"end":{"line":21,"column":37}}],"line":21},"10":{"loc":{"start":{"line":22,"column":10},"end":{"line":22,"column":64}},"type":"binary-expr","locations":[{"start":{"line":22,"column":10},"end":{"line":22,"column":31}},{"start":{"line":22,"column":35},"end":{"line":22,"column":64}}],"line":22},"11":{"loc":{"start":{"line":24,"column":30},"end":{"line":24,"column":70}},"type":"binary-expr","locations":[{"start":{"line":24,"column":30},"end":{"line":24,"column":64}},{"start":{"line":24,"column":68},"end":{"line":24,"column":70}}],"line":24},"12":{"loc":{"start":{"line":25,"column":35},"end":{"line":25,"column":86}},"type":"binary-expr","locations":[{"start":{"line":25,"column":35},"end":{"line":25,"column":78}},{"start":{"line":25,"column":82},"end":{"line":25,"column":86}}],"line":25}},"s":{"0":7,"1":7,"2":7,"3":21,"4":21,"5":7},"f":{},"b":{"0":[21,0],"1":[7,7],"2":[7,7],"3":[7,7],"4":[7,7],"5":[7,7],"6":[7,7],"7":[7,7],"8":[7,7],"9":[7,7],"10":[7,7],"11":[7,7],"12":[7,7]},"_coverageSchema":"1a1c01bbd47fc00a2c39e90264f33305004495a9","hash":"1634b2edb355e036e56d32b6f0b5134239d8834a"}
,"D:\\PROJECTS\\personalProjects\\healthon\\health-on-project\\server\\src\\controllers\\appointments.controller.js": {"path":"D:\\PROJECTS\\personalProjects\\healthon\\health-on-project\\server\\src\\controllers\\appointments.controller.js","statementMap":{"0":{"start":{"line":1,"column":22},"end":{"line":1,"column":62}},"1":{"start":{"line":2,"column":32},"end":{"line":2,"column":69}},"2":{"start":{"line":5,"column":2},"end":{"line":30,"column":3}},"3":{"start":{"line":6,"column":59},"end":{"line":6,"column":72}},"4":{"start":{"line":7,"column":24},"end":{"line":7,"column":35}},"5":{"start":{"line":9,"column":41},"end":{"line":17,"column":15}},"6":{"start":{"line":19,"column":4},"end":{"line":19,"column":27}},"7":{"start":{"line":19,"column":15},"end":{"line":19,"column":27}},"8":{"start":{"line":21,"column":4},"end":{"line":25,"column":7}},"9":{"start":{"line":27,"column":4},"end":{"line":27,"column":38}},"10":{"start":{"line":29,"column":4},"end":{"line":29,"column":14}},"11":{"start":{"line":34,"column":2},"end":{"line":48,"column":3}},"12":{"start":{"line":35,"column":19},"end":{"line":35,"column":80}},"13":{"start":{"line":37,"column":28},"end":{"line":41,"column":49}},"14":{"start":{"line":43,"column":4},"end":{"line":43,"column":27}},"15":{"start":{"line":43,"column":15},"end":{"line":43,"column":27}},"16":{"start":{"line":45,"column":4},"end":{"line":45,"column":19}},"17":{"start":{"line":47,"column":4},"end":{"line":47,"column":14}},"18":{"start":{"line":52,"column":2},"end":{"line":67,"column":3}},"19":{"start":{"line":53,"column":28},"end":{"line":57,"column":15}},"20":{"start":{"line":59,"column":4},"end":{"line":59,"column":88}},"21":{"start":{"line":59,"column":24},"end":{"line":59,"column":88}},"22":{"start":{"line":61,"column":20},"end":{"line":61,"column":88}},"23":{"start":{"line":62,"column":4},"end":{"line":62,"column":100}},"24":{"start":{"line":62,"column":18},"end":{"line":62,"column":100}},"25":{"start":{"line":64,"column":4},"end":{"line":64,"column":19}},"26":{"start":{"line":66,"column":4},"end":{"line":66,"column":14}},"27":{"start":{"line":71,"column":2},"end":{"line":86,"column":3}},"28":{"start":{"line":72,"column":23},"end":{"line":72,"column":36}},"29":{"start":{"line":74,"column":28},"end":{"line":79,"column":15}},"30":{"start":{"line":81,"column":4},"end":{"line":81,"column":27}},"31":{"start":{"line":81,"column":15},"end":{"line":81,"column":27}},"32":{"start":{"line":83,"column":4},"end":{"line":83,"column":19}},"33":{"start":{"line":85,"column":4},"end":{"line":85,"column":14}},"34":{"start":{"line":89,"column":0},"end":{"line":89,"column":98}}},"fnMap":{"0":{"name":"createAppointment","decl":{"start":{"line":4,"column":15},"end":{"line":4,"column":32}},"loc":{"start":{"line":4,"column":49},"end":{"line":31,"column":1}},"line":4},"1":{"name":"listAppointments","decl":{"start":{"line":33,"column":15},"end":{"line":33,"column":31}},"loc":{"start":{"line":33,"column":48},"end":{"line":49,"column":1}},"line":33},"2":{"name":"getAppointment","decl":{"start":{"line":51,"column":15},"end":{"line":51,"column":29}},"loc":{"start":{"line":51,"column":46},"end":{"line":68,"column":1}},"line":51},"3":{"name":"updateAppointmentStatus","decl":{"start":{"line":70,"column":15},"end":{"line":70,"column":38}},"loc":{"start":{"line":70,"column":55},"end":{"line":87,"column":1}},"line":70}},"branchMap":{"0":{"loc":{"start":{"line":19,"column":4},"end":{"line":19,"column":27}},"type":"if","locations":[{"start":{"line":19,"column":4},"end":{"line":19,"column":27}},{"start":{},"end":{}}],"line":19},"1":{"loc":{"start":{"line":35,"column":19},"end":{"line":35,"column":80}},"type":"cond-expr","locations":[{"start":{"line":35,"column":51},"end":{"line":35,"column":65}},{"start":{"line":35,"column":68},"end":{"line":35,"column":80}}],"line":35},"2":{"loc":{"start":{"line":43,"column":4},"end":{"line":43,"column":27}},"type":"if","locations":[{"start":{"line":43,"column":4},"end":{"line":43,"column":27}},{"start":{},"end":{}}],"line":43},"3":{"loc":{"start":{"line":59,"column":4},"end":{"line":59,"column":88}},"type":"if","locations":[{"start":{"line":59,"column":4},"end":{"line":59,"column":88}},{"start":{},"end":{}}],"line":59},"4":{"loc":{"start":{"line":59,"column":8},"end":{"line":59,"column":22}},"type":"binary-expr","locations":[{"start":{"line":59,"column":8},"end":{"line":59,"column":13}},{"start":{"line":59,"column":17},"end":{"line":59,"column":22}}],"line":59},"5":{"loc":{"start":{"line":61,"column":20},"end":{"line":61,"column":88}},"type":"binary-expr","locations":[{"start":{"line":61,"column":20},"end":{"line":61,"column":51}},{"start":{"line":61,"column":55},"end":{"line":61,"column":88}}],"line":61},"6":{"loc":{"start":{"line":62,"column":4},"end":{"line":62,"column":100}},"type":"if","locations":[{"start":{"line":62,"column":4},"end":{"line":62,"column":100}},{"start":{},"end":{}}],"line":62},"7":{"loc":{"start":{"line":81,"column":4},"end":{"line":81,"column":27}},"type":"if","locations":[{"start":{"line":81,"column":4},"end":{"line":81,"column":27}},{"start":{},"end":{}}],"line":81}},"s":{"0":7,"1":7,"2":1,"3":1,"4":1,"5":1,"6":1,"7":0,"8":1,"9":1,"10":0,"11":1,"12":1,"13":1,"14":1,"15":0,"16":1,"17":0,"18":3,"19":3,"20":3,"21":1,"22":2,"23":2,"24":1,"25":1,"26":0,"27":1,"28":1,"29":1,"30":1,"31":0,"32":1,"33":0,"34":7},"f":{"0":1,"1":1,"2":3,"3":1},"b":{"0":[0,1],"1":[0,1],"2":[0,1],"3":[1,2],"4":[3,3],"5":[2,1],"6":[1,1],"7":[0,1]},"_coverageSchema":"1a1c01bbd47fc00a2c39e90264f33305004495a9","hash":"1df08f0533cea406755403eb215a6d63732539e1"}
,"D:\\PROJECTS\\personalProjects\\healthon\\health-on-project\\server\\src\\controllers\\auth.controller.js": {"path":"D:\\PROJECTS\\personalProjects\\healthon\\health-on-project\\server\\src\\controllers\\auth.controller.js","statementMap":{"0":{"start":{"line":1,"column":22},"end":{"line":1,"column":62}},"1":{"start":{"line":8,"column":2},"end":{"line":78,"column":3}},"2":{"start":{"line":9,"column":32},"end":{"line":9,"column":45}},"3":{"start":{"line":11,"column":49},"end":{"line":15,"column":15}},"4":{"start":{"line":17,"column":4},"end":{"line":19,"column":5}},"5":{"start":{"line":18,"column":6},"end":{"line":18,"column":65}},"6":{"start":{"line":21,"column":4},"end":{"line":23,"column":5}},"7":{"start":{"line":22,"column":6},"end":{"line":22,"column":82}},"8":{"start":{"line":25,"column":4},"end":{"line":27,"column":5}},"9":{"start":{"line":26,"column":6},"end":{"line":26,"column":72}},"10":{"start":{"line":29,"column":36},"end":{"line":29,"column":78}},"11":{"start":{"line":30,"column":19},"end":{"line":30,"column":86}},"12":{"start":{"line":30,"column":53},"end":{"line":30,"column":85}},"13":{"start":{"line":32,"column":4},"end":{"line":49,"column":5}},"14":{"start":{"line":33,"column":52},"end":{"line":37,"column":8}},"15":{"start":{"line":38,"column":6},"end":{"line":40,"column":7}},"16":{"start":{"line":39,"column":8},"end":{"line":39,"column":99}},"17":{"start":{"line":41,"column":6},"end":{"line":41,"column":30}},"18":{"start":{"line":43,"column":37},"end":{"line":45,"column":8}},"19":{"start":{"line":46,"column":6},"end":{"line":48,"column":7}},"20":{"start":{"line":47,"column":8},"end":{"line":47,"column":97}},"21":{"start":{"line":51,"column":36},"end":{"line":53,"column":105}},"22":{"start":{"line":55,"column":4},"end":{"line":57,"column":5}},"23":{"start":{"line":56,"column":6},"end":{"line":56,"column":98}},"24":{"start":{"line":59,"column":4},"end":{"line":64,"column":5}},"25":{"start":{"line":60,"column":6},"end":{"line":63,"column":42}},"26":{"start":{"line":66,"column":4},"end":{"line":69,"column":27}},"27":{"start":{"line":71,"column":4},"end":{"line":75,"column":7}},"28":{"start":{"line":77,"column":4},"end":{"line":77,"column":14}},"29":{"start":{"line":86,"column":2},"end":{"line":125,"column":3}},"30":{"start":{"line":87,"column":67},"end":{"line":87,"column":80}},"31":{"start":{"line":89,"column":50},"end":{"line":94,"column":6}},"32":{"start":{"line":96,"column":4},"end":{"line":98,"column":5}},"33":{"start":{"line":97,"column":6},"end":{"line":97,"column":66}},"34":{"start":{"line":100,"column":17},"end":{"line":100,"column":29}},"35":{"start":{"line":102,"column":36},"end":{"line":109,"column":8}},"36":{"start":{"line":111,"column":4},"end":{"line":113,"column":5}},"37":{"start":{"line":112,"column":6},"end":{"line":112,"column":73}},"38":{"start":{"line":115,"column":4},"end":{"line":117,"column":5}},"39":{"start":{"line":116,"column":6},"end":{"line":116,"column":82}},"40":{"start":{"line":119,"column":4},"end":{"line":122,"column":7}},"41":{"start":{"line":124,"column":4},"end":{"line":124,"column":14}},"42":{"start":{"line":133,"column":2},"end":{"line":160,"column":3}},"43":{"start":{"line":134,"column":32},"end":{"line":134,"column":45}},"44":{"start":{"line":137,"column":28},"end":{"line":140,"column":6}},"45":{"start":{"line":142,"column":4},"end":{"line":144,"column":5}},"46":{"start":{"line":143,"column":6},"end":{"line":143,"column":60}},"47":{"start":{"line":146,"column":30},"end":{"line":150,"column":15}},"48":{"start":{"line":152,"column":4},"end":{"line":157,"column":7}},"49":{"start":{"line":159,"column":4},"end":{"line":159,"column":14}},"50":{"start":{"line":168,"column":2},"end":{"line":168,"column":57}},"51":{"start":{"line":176,"column":2},"end":{"line":176,"column":43}},"52":{"start":{"line":179,"column":0},"end":{"line":179,"column":64}}},"fnMap":{"0":{"name":"acceptInvite","decl":{"start":{"line":7,"column":15},"end":{"line":7,"column":27}},"loc":{"start":{"line":7,"column":44},"end":{"line":79,"column":1}},"line":7},"1":{"name":"(anonymous_1)","decl":{"start":{"line":30,"column":46},"end":{"line":30,"column":47}},"loc":{"start":{"line":30,"column":53},"end":{"line":30,"column":85}},"line":30},"2":{"name":"signup","decl":{"start":{"line":85,"column":15},"end":{"line":85,"column":21}},"loc":{"start":{"line":85,"column":38},"end":{"line":126,"column":1}},"line":85},"3":{"name":"login","decl":{"start":{"line":132,"column":15},"end":{"line":132,"column":20}},"loc":{"start":{"line":132,"column":37},"end":{"line":161,"column":1}},"line":132},"4":{"name":"logout","decl":{"start":{"line":167,"column":15},"end":{"line":167,"column":21}},"loc":{"start":{"line":167,"column":32},"end":{"line":169,"column":1}},"line":167},"5":{"name":"getMe","decl":{"start":{"line":175,"column":15},"end":{"line":175,"column":20}},"loc":{"start":{"line":175,"column":31},"end":{"line":177,"column":1}},"line":175}},"branchMap":{"0":{"loc":{"start":{"line":17,"column":4},"end":{"line":19,"column":5}},"type":"if","locations":[{"start":{"line":17,"column":4},"end":{"line":19,"column":5}},{"start":{},"end":{}}],"line":17},"1":{"loc":{"start":{"line":17,"column":8},"end":{"line":17,"column":30}},"type":"binary-expr","locations":[{"start":{"line":17,"column":8},"end":{"line":17,"column":19}},{"start":{"line":17,"column":23},"end":{"line":17,"column":30}}],"line":17},"2":{"loc":{"start":{"line":21,"column":4},"end":{"line":23,"column":5}},"type":"if","locations":[{"start":{"line":21,"column":4},"end":{"line":23,"column":5}},{"start":{},"end":{}}],"line":21},"3":{"loc":{"start":{"line":25,"column":4},"end":{"line":27,"column":5}},"type":"if","locations":[{"start":{"line":25,"column":4},"end":{"line":27,"column":5}},{"start":{},"end":{}}],"line":25},"4":{"loc":{"start":{"line":32,"column":4},"end":{"line":49,"column":5}},"type":"if","locations":[{"start":{"line":32,"column":4},"end":{"line":49,"column":5}},{"start":{"line":42,"column":11},"end":{"line":49,"column":5}}],"line":32},"5":{"loc":{"start":{"line":38,"column":6},"end":{"line":40,"column":7}},"type":"if","locations":[{"start":{"line":38,"column":6},"end":{"line":40,"column":7}},{"start":{},"end":{}}],"line":38},"6":{"loc":{"start":{"line":46,"column":6},"end":{"line":48,"column":7}},"type":"if","locations":[{"start":{"line":46,"column":6},"end":{"line":48,"column":7}},{"start":{},"end":{}}],"line":46},"7":{"loc":{"start":{"line":53,"column":61},"end":{"line":53,"column":102}},"type":"binary-expr","locations":[{"start":{"line":53,"column":61},"end":{"line":53,"column":94}},{"start":{"line":53,"column":98},"end":{"line":53,"column":102}}],"line":53},"8":{"loc":{"start":{"line":55,"column":4},"end":{"line":57,"column":5}},"type":"if","locations":[{"start":{"line":55,"column":4},"end":{"line":57,"column":5}},{"start":{},"end":{}}],"line":55},"9":{"loc":{"start":{"line":59,"column":4},"end":{"line":64,"column":5}},"type":"if","locations":[{"start":{"line":59,"column":4},"end":{"line":64,"column":5}},{"start":{},"end":{}}],"line":59},"10":{"loc":{"start":{"line":87,"column":39},"end":{"line":87,"column":55}},"type":"default-arg","locations":[{"start":{"line":87,"column":46},"end":{"line":87,"column":55}}],"line":87},"11":{"loc":{"start":{"line":96,"column":4},"end":{"line":98,"column":5}},"type":"if","locations":[{"start":{"line":96,"column":4},"end":{"line":98,"column":5}},{"start":{},"end":{}}],"line":96},"12":{"loc":{"start":{"line":107,"column":19},"end":{"line":107,"column":33}},"type":"binary-expr","locations":[{"start":{"line":107,"column":19},"end":{"line":107,"column":27}},{"start":{"line":107,"column":31},"end":{"line":107,"column":33}}],"line":107},"13":{"loc":{"start":{"line":108,"column":15},"end":{"line":108,"column":26}},"type":"binary-expr","locations":[{"start":{"line":108,"column":15},"end":{"line":108,"column":20}},{"start":{"line":108,"column":24},"end":{"line":108,"column":26}}],"line":108},"14":{"loc":{"start":{"line":111,"column":4},"end":{"line":113,"column":5}},"type":"if","locations":[{"start":{"line":111,"column":4},"end":{"line":113,"column":5}},{"start":{},"end":{}}],"line":111},"15":{"loc":{"start":{"line":115,"column":4},"end":{"line":117,"column":5}},"type":"if","locations":[{"start":{"line":115,"column":4},"end":{"line":117,"column":5}},{"start":{},"end":{}}],"line":115},"16":{"loc":{"start":{"line":142,"column":4},"end":{"line":144,"column":5}},"type":"if","locations":[{"start":{"line":142,"column":4},"end":{"line":144,"column":5}},{"start":{},"end":{}}],"line":142},"17":{"loc":{"start":{"line":156,"column":15},"end":{"line":156,"column":30}},"type":"binary-expr","locations":[{"start":{"line":156,"column":15},"end":{"line":156,"column":22}},{"start":{"line":156,"column":26},"end":{"line":156,"column":30}}],"line":156}},"s":{"0":7,"1":0,"2":0,"3":0,"4":0,"5":0,"6":0,"7":0,"8":0,"9":0,"10":0,"11":0,"12":0,"13":0,"14":0,"15":0,"16":0,"17":0,"18":0,"19":0,"20":0,"21":0,"22":0,"23":0,"24":0,"25":0,"26":0,"27":0,"28":0,"29":2,"30":2,"31":2,"32":2,"33":1,"34":1,"35":1,"36":1,"37":0,"38":1,"39":1,"40":1,"41":0,"42":2,"43":2,"44":2,"45":2,"46":1,"47":1,"48":1,"49":0,"50":0,"51":1,"52":7},"f":{"0":0,"1":0,"2":2,"3":2,"4":0,"5":1},"b":{"0":[0,0],"1":[0,0],"2":[0,0],"3":[0,0],"4":[0,0],"5":[0,0],"6":[0,0],"7":[0,0],"8":[0,0],"9":[0,0],"10":[0],"11":[1,1],"12":[1,0],"13":[1,0],"14":[0,1],"15":[1,0],"16":[1,1],"17":[1,0]},"_coverageSchema":"1a1c01bbd47fc00a2c39e90264f33305004495a9","hash":"f306eb6c6f937e3736913fcee3b5cf8700211854"}
,"D:\\PROJECTS\\personalProjects\\healthon\\health-on-project\\server\\src\\controllers\\checklist.controller.js": {"path":"D:\\PROJECTS\\personalProjects\\healthon\\health-on-project\\server\\src\\controllers\\checklist.controller.js","statementMap":{"0":{"start":{"line":1,"column":22},"end":{"line":1,"column":62}},"1":{"start":{"line":2,"column":39},"end":{"line":2,"column":79}},"2":{"start":{"line":5,"column":2},"end":{"line":21,"column":3}},"3":{"start":{"line":6,"column":30},"end":{"line":6,"column":40}},"4":{"start":{"line":8,"column":4},"end":{"line":8,"column":65}},"5":{"start":{"line":10,"column":28},"end":{"line":14,"column":47}},"6":{"start":{"line":16,"column":4},"end":{"line":16,"column":27}},"7":{"start":{"line":16,"column":15},"end":{"line":16,"column":27}},"8":{"start":{"line":18,"column":4},"end":{"line":18,"column":19}},"9":{"start":{"line":20,"column":4},"end":{"line":20,"column":14}},"10":{"start":{"line":25,"column":2},"end":{"line":40,"column":3}},"11":{"start":{"line":26,"column":28},"end":{"line":26,"column":41}},"12":{"start":{"line":28,"column":28},"end":{"line":33,"column":15}},"13":{"start":{"line":35,"column":4},"end":{"line":35,"column":27}},"14":{"start":{"line":35,"column":15},"end":{"line":35,"column":27}},"15":{"start":{"line":37,"column":4},"end":{"line":37,"column":19}},"16":{"start":{"line":39,"column":4},"end":{"line":39,"column":14}},"17":{"start":{"line":43,"column":0},"end":{"line":43,"column":46}}},"fnMap":{"0":{"name":"getChecklist","decl":{"start":{"line":4,"column":15},"end":{"line":4,"column":27}},"loc":{"start":{"line":4,"column":44},"end":{"line":22,"column":1}},"line":4},"1":{"name":"toggleItem","decl":{"start":{"line":24,"column":15},"end":{"line":24,"column":25}},"loc":{"start":{"line":24,"column":42},"end":{"line":41,"column":1}},"line":24}},"branchMap":{"0":{"loc":{"start":{"line":16,"column":4},"end":{"line":16,"column":27}},"type":"if","locations":[{"start":{"line":16,"column":4},"end":{"line":16,"column":27}},{"start":{},"end":{}}],"line":16},"1":{"loc":{"start":{"line":35,"column":4},"end":{"line":35,"column":27}},"type":"if","locations":[{"start":{"line":35,"column":4},"end":{"line":35,"column":27}},{"start":{},"end":{}}],"line":35}},"s":{"0":7,"1":7,"2":1,"3":1,"4":1,"5":1,"6":1,"7":0,"8":1,"9":0,"10":1,"11":1,"12":1,"13":1,"14":0,"15":1,"16":0,"17":7},"f":{"0":1,"1":1},"b":{"0":[0,1],"1":[0,1]},"_coverageSchema":"1a1c01bbd47fc00a2c39e90264f33305004495a9","hash":"c0951cd2a79ea8a99f887c50dac108358296b7e4"}
,"D:\\PROJECTS\\personalProjects\\healthon\\health-on-project\\server\\src\\controllers\\labReports.controller.js": {"path":"D:\\PROJECTS\\personalProjects\\healthon\\health-on-project\\server\\src\\controllers\\labReports.controller.js","statementMap":{"0":{"start":{"line":1,"column":22},"end":{"line":1,"column":62}},"1":{"start":{"line":2,"column":31},"end":{"line":2,"column":98}},"2":{"start":{"line":3,"column":53},"end":{"line":3,"column":90}},"3":{"start":{"line":6,"column":2},"end":{"line":44,"column":3}},"4":{"start":{"line":7,"column":75},"end":{"line":7,"column":88}},"5":{"start":{"line":8,"column":22},"end":{"line":8,"column":33}},"6":{"start":{"line":10,"column":52},"end":{"line":21,"column":15}},"7":{"start":{"line":23,"column":4},"end":{"line":23,"column":39}},"8":{"start":{"line":23,"column":21},"end":{"line":23,"column":39}},"9":{"start":{"line":25,"column":25},"end":{"line":25,"column":58}},"10":{"start":{"line":27,"column":23},"end":{"line":27,"column":25}},"11":{"start":{"line":28,"column":4},"end":{"line":37,"column":5}},"12":{"start":{"line":29,"column":19},"end":{"line":29,"column":83}},"13":{"start":{"line":29,"column":44},"end":{"line":29,"column":81}},"14":{"start":{"line":30,"column":61},"end":{"line":33,"column":17}},"15":{"start":{"line":35,"column":6},"end":{"line":35,"column":43}},"16":{"start":{"line":35,"column":24},"end":{"line":35,"column":43}},"17":{"start":{"line":36,"column":6},"end":{"line":36,"column":37}},"18":{"start":{"line":39,"column":4},"end":{"line":39,"column":73}},"19":{"start":{"line":41,"column":4},"end":{"line":41,"column":63}},"20":{"start":{"line":43,"column":4},"end":{"line":43,"column":14}},"21":{"start":{"line":48,"column":2},"end":{"line":66,"column":3}},"22":{"start":{"line":49,"column":22},"end":{"line":49,"column":87}},"23":{"start":{"line":51,"column":4},"end":{"line":53,"column":5}},"24":{"start":{"line":52,"column":6},"end":{"line":52,"column":70}},"25":{"start":{"line":55,"column":28},"end":{"line":59,"column":49}},"26":{"start":{"line":61,"column":4},"end":{"line":61,"column":27}},"27":{"start":{"line":61,"column":15},"end":{"line":61,"column":27}},"28":{"start":{"line":63,"column":4},"end":{"line":63,"column":19}},"29":{"start":{"line":65,"column":4},"end":{"line":65,"column":14}},"30":{"start":{"line":70,"column":2},"end":{"line":92,"column":3}},"31":{"start":{"line":71,"column":28},"end":{"line":71,"column":38}},"32":{"start":{"line":72,"column":22},"end":{"line":72,"column":87}},"33":{"start":{"line":74,"column":4},"end":{"line":76,"column":5}},"34":{"start":{"line":75,"column":6},"end":{"line":75,"column":70}},"35":{"start":{"line":78,"column":28},"end":{"line":85,"column":47}},"36":{"start":{"line":87,"column":4},"end":{"line":87,"column":27}},"37":{"start":{"line":87,"column":15},"end":{"line":87,"column":27}},"38":{"start":{"line":89,"column":4},"end":{"line":89,"column":19}},"39":{"start":{"line":91,"column":4},"end":{"line":91,"column":14}},"40":{"start":{"line":96,"column":2},"end":{"line":116,"column":3}},"41":{"start":{"line":97,"column":43},"end":{"line":97,"column":56}},"42":{"start":{"line":99,"column":28},"end":{"line":109,"column":15}},"43":{"start":{"line":111,"column":4},"end":{"line":111,"column":27}},"44":{"start":{"line":111,"column":15},"end":{"line":111,"column":27}},"45":{"start":{"line":113,"column":4},"end":{"line":113,"column":19}},"46":{"start":{"line":115,"column":4},"end":{"line":115,"column":14}},"47":{"start":{"line":120,"column":2},"end":{"line":125,"column":3}},"48":{"start":{"line":121,"column":17},"end":{"line":121,"column":39}},"49":{"start":{"line":122,"column":4},"end":{"line":122,"column":19}},"50":{"start":{"line":124,"column":4},"end":{"line":124,"column":14}},"51":{"start":{"line":128,"column":0},"end":{"line":134,"column":2}}},"fnMap":{"0":{"name":"ingestReport","decl":{"start":{"line":5,"column":15},"end":{"line":5,"column":27}},"loc":{"start":{"line":5,"column":44},"end":{"line":45,"column":1}},"line":5},"1":{"name":"(anonymous_1)","decl":{"start":{"line":29,"column":36},"end":{"line":29,"column":37}},"loc":{"start":{"line":29,"column":44},"end":{"line":29,"column":81}},"line":29},"2":{"name":"listReportsForPatient","decl":{"start":{"line":47,"column":15},"end":{"line":47,"column":36}},"loc":{"start":{"line":47,"column":53},"end":{"line":67,"column":1}},"line":47},"3":{"name":"getMetricTrend","decl":{"start":{"line":69,"column":15},"end":{"line":69,"column":29}},"loc":{"start":{"line":69,"column":46},"end":{"line":93,"column":1}},"line":69},"4":{"name":"reviewMetric","decl":{"start":{"line":95,"column":15},"end":{"line":95,"column":27}},"loc":{"start":{"line":95,"column":44},"end":{"line":117,"column":1}},"line":95},"5":{"name":"listTriageQueue","decl":{"start":{"line":119,"column":15},"end":{"line":119,"column":30}},"loc":{"start":{"line":119,"column":47},"end":{"line":126,"column":1}},"line":119}},"branchMap":{"0":{"loc":{"start":{"line":14,"column":24},"end":{"line":14,"column":45}},"type":"binary-expr","locations":[{"start":{"line":14,"column":24},"end":{"line":14,"column":37}},{"start":{"line":14,"column":41},"end":{"line":14,"column":45}}],"line":14},"1":{"loc":{"start":{"line":16,"column":21},"end":{"line":16,"column":39}},"type":"binary-expr","locations":[{"start":{"line":16,"column":21},"end":{"line":16,"column":31}},{"start":{"line":16,"column":35},"end":{"line":16,"column":39}}],"line":16},"2":{"loc":{"start":{"line":23,"column":4},"end":{"line":23,"column":39}},"type":"if","locations":[{"start":{"line":23,"column":4},"end":{"line":23,"column":39}},{"start":{},"end":{}}],"line":23},"3":{"loc":{"start":{"line":28,"column":4},"end":{"line":37,"column":5}},"type":"if","locations":[{"start":{"line":28,"column":4},"end":{"line":37,"column":5}},{"start":{},"end":{}}],"line":28},"4":{"loc":{"start":{"line":35,"column":6},"end":{"line":35,"column":43}},"type":"if","locations":[{"start":{"line":35,"column":6},"end":{"line":35,"column":43}},{"start":{},"end":{}}],"line":35},"5":{"loc":{"start":{"line":49,"column":22},"end":{"line":49,"column":87}},"type":"cond-expr","locations":[{"start":{"line":49,"column":54},"end":{"line":49,"column":73}},{"start":{"line":49,"column":76},"end":{"line":49,"column":87}}],"line":49},"6":{"loc":{"start":{"line":51,"column":4},"end":{"line":53,"column":5}},"type":"if","locations":[{"start":{"line":51,"column":4},"end":{"line":53,"column":5}},{"start":{},"end":{}}],"line":51},"7":{"loc":{"start":{"line":61,"column":4},"end":{"line":61,"column":27}},"type":"if","locations":[{"start":{"line":61,"column":4},"end":{"line":61,"column":27}},{"start":{},"end":{}}],"line":61},"8":{"loc":{"start":{"line":72,"column":22},"end":{"line":72,"column":87}},"type":"cond-expr","locations":[{"start":{"line":72,"column":54},"end":{"line":72,"column":73}},{"start":{"line":72,"column":76},"end":{"line":72,"column":87}}],"line":72},"9":{"loc":{"start":{"line":74,"column":4},"end":{"line":76,"column":5}},"type":"if","locations":[{"start":{"line":74,"column":4},"end":{"line":76,"column":5}},{"start":{},"end":{}}],"line":74},"10":{"loc":{"start":{"line":87,"column":4},"end":{"line":87,"column":27}},"type":"if","locations":[{"start":{"line":87,"column":4},"end":{"line":87,"column":27}},{"start":{},"end":{}}],"line":87},"11":{"loc":{"start":{"line":111,"column":4},"end":{"line":111,"column":27}},"type":"if","locations":[{"start":{"line":111,"column":4},"end":{"line":111,"column":27}},{"start":{},"end":{}}],"line":111}},"s":{"0":7,"1":7,"2":7,"3":1,"4":1,"5":1,"6":1,"7":1,"8":0,"9":1,"10":1,"11":1,"12":1,"13":1,"14":1,"15":1,"16":0,"17":1,"18":1,"19":1,"20":0,"21":2,"22":2,"23":2,"24":0,"25":2,"26":2,"27":0,"28":2,"29":0,"30":1,"31":1,"32":1,"33":1,"34":0,"35":1,"36":1,"37":0,"38":1,"39":0,"40":1,"41":1,"42":1,"43":1,"44":0,"45":1,"46":0,"47":1,"48":1,"49":1,"50":0,"51":7},"f":{"0":1,"1":1,"2":2,"3":1,"4":1,"5":1},"b":{"0":[1,1],"1":[1,1],"2":[0,1],"3":[1,0],"4":[0,1],"5":[1,1],"6":[0,2],"7":[0,2],"8":[0,1],"9":[0,1],"10":[0,1],"11":[0,1]},"_coverageSchema":"1a1c01bbd47fc00a2c39e90264f33305004495a9","hash":"5c1c5de8ecc6a704bf6a629394ab41068bdf83aa"}
,"D:\\PROJECTS\\personalProjects\\healthon\\health-on-project\\server\\src\\controllers\\postVisit.controller.js": {"path":"D:\\PROJECTS\\personalProjects\\healthon\\health-on-project\\server\\src\\controllers\\postVisit.controller.js","statementMap":{"0":{"start":{"line":1,"column":22},"end":{"line":1,"column":62}},"1":{"start":{"line":4,"column":2},"end":{"line":27,"column":3}},"2":{"start":{"line":5,"column":26},"end":{"line":5,"column":39}},"3":{"start":{"line":6,"column":30},"end":{"line":6,"column":40}},"4":{"start":{"line":8,"column":28},"end":{"line":20,"column":15}},"5":{"start":{"line":22,"column":4},"end":{"line":22,"column":27}},"6":{"start":{"line":22,"column":15},"end":{"line":22,"column":27}},"7":{"start":{"line":24,"column":4},"end":{"line":24,"column":19}},"8":{"start":{"line":26,"column":4},"end":{"line":26,"column":14}},"9":{"start":{"line":31,"column":2},"end":{"line":50,"column":3}},"10":{"start":{"line":32,"column":47},"end":{"line":32,"column":60}},"11":{"start":{"line":33,"column":30},"end":{"line":33,"column":40}},"12":{"start":{"line":35,"column":28},"end":{"line":43,"column":15}},"13":{"start":{"line":45,"column":4},"end":{"line":45,"column":27}},"14":{"start":{"line":45,"column":15},"end":{"line":45,"column":27}},"15":{"start":{"line":47,"column":4},"end":{"line":47,"column":31}},"16":{"start":{"line":49,"column":4},"end":{"line":49,"column":14}},"17":{"start":{"line":54,"column":2},"end":{"line":83,"column":3}},"18":{"start":{"line":55,"column":22},"end":{"line":55,"column":35}},"19":{"start":{"line":56,"column":30},"end":{"line":56,"column":40}},"20":{"start":{"line":58,"column":52},"end":{"line":62,"column":15}},"21":{"start":{"line":64,"column":4},"end":{"line":66,"column":5}},"22":{"start":{"line":65,"column":6},"end":{"line":65,"column":70}},"23":{"start":{"line":68,"column":28},"end":{"line":76,"column":15}},"24":{"start":{"line":78,"column":4},"end":{"line":78,"column":27}},"25":{"start":{"line":78,"column":15},"end":{"line":78,"column":27}},"26":{"start":{"line":80,"column":4},"end":{"line":80,"column":31}},"27":{"start":{"line":82,"column":4},"end":{"line":82,"column":14}},"28":{"start":{"line":87,"column":2},"end":{"line":99,"column":3}},"29":{"start":{"line":88,"column":30},"end":{"line":88,"column":40}},"30":{"start":{"line":90,"column":78},"end":{"line":94,"column":6}},"31":{"start":{"line":96,"column":4},"end":{"line":96,"column":52}},"32":{"start":{"line":98,"column":4},"end":{"line":98,"column":14}},"33":{"start":{"line":102,"column":0},"end":{"line":102,"column":84}}},"fnMap":{"0":{"name":"saveNotes","decl":{"start":{"line":3,"column":15},"end":{"line":3,"column":24}},"loc":{"start":{"line":3,"column":41},"end":{"line":28,"column":1}},"line":3},"1":{"name":"addPrescription","decl":{"start":{"line":30,"column":15},"end":{"line":30,"column":30}},"loc":{"start":{"line":30,"column":47},"end":{"line":51,"column":1}},"line":30},"2":{"name":"addActionItem","decl":{"start":{"line":53,"column":15},"end":{"line":53,"column":28}},"loc":{"start":{"line":53,"column":45},"end":{"line":84,"column":1}},"line":53},"3":{"name":"getPostVisitSummary","decl":{"start":{"line":86,"column":15},"end":{"line":86,"column":34}},"loc":{"start":{"line":86,"column":51},"end":{"line":100,"column":1}},"line":86}},"branchMap":{"0":{"loc":{"start":{"line":22,"column":4},"end":{"line":22,"column":27}},"type":"if","locations":[{"start":{"line":22,"column":4},"end":{"line":22,"column":27}},{"start":{},"end":{}}],"line":22},"1":{"loc":{"start":{"line":40,"column":28},"end":{"line":40,"column":53}},"type":"binary-expr","locations":[{"start":{"line":40,"column":28},"end":{"line":40,"column":45}},{"start":{"line":40,"column":49},"end":{"line":40,"column":53}}],"line":40},"2":{"loc":{"start":{"line":45,"column":4},"end":{"line":45,"column":27}},"type":"if","locations":[{"start":{"line":45,"column":4},"end":{"line":45,"column":27}},{"start":{},"end":{}}],"line":45},"3":{"loc":{"start":{"line":64,"column":4},"end":{"line":66,"column":5}},"type":"if","locations":[{"start":{"line":64,"column":4},"end":{"line":66,"column":5}},{"start":{},"end":{}}],"line":64},"4":{"loc":{"start":{"line":64,"column":8},"end":{"line":64,"column":33}},"type":"binary-expr","locations":[{"start":{"line":64,"column":8},"end":{"line":64,"column":17}},{"start":{"line":64,"column":21},"end":{"line":64,"column":33}}],"line":64},"5":{"loc":{"start":{"line":78,"column":4},"end":{"line":78,"column":27}},"type":"if","locations":[{"start":{"line":78,"column":4},"end":{"line":78,"column":27}},{"start":{},"end":{}}],"line":78}},"s":{"0":7,"1":1,"2":1,"3":1,"4":1,"5":1,"6":0,"7":1,"8":0,"9":1,"10":1,"11":1,"12":1,"13":1,"14":0,"15":1,"16":0,"17":1,"18":1,"19":1,"20":1,"21":1,"22":0,"23":1,"24":1,"25":0,"26":1,"27":0,"28":1,"29":1,"30":1,"31":1,"32":0,"33":7},"f":{"0":1,"1":1,"2":1,"3":1},"b":{"0":[0,1],"1":[1,0],"2":[0,1],"3":[0,1],"4":[1,1],"5":[0,1]},"_coverageSchema":"1a1c01bbd47fc00a2c39e90264f33305004495a9","hash":"d9a512ac7cc34c131601ce380bd9a90aa1b0b46d"}
,"D:\\PROJECTS\\personalProjects\\healthon\\health-on-project\\server\\src\\controllers\\questionnaire.controller.js": {"path":"D:\\PROJECTS\\personalProjects\\healthon\\health-on-project\\server\\src\\controllers\\questionnaire.controller.js","statementMap":{"0":{"start":{"line":1,"column":22},"end":{"line":1,"column":62}},"1":{"start":{"line":4,"column":2},"end":{"line":16,"column":3}},"2":{"start":{"line":5,"column":28},"end":{"line":9,"column":47}},"3":{"start":{"line":11,"column":4},"end":{"line":11,"column":27}},"4":{"start":{"line":11,"column":15},"end":{"line":11,"column":27}},"5":{"start":{"line":13,"column":4},"end":{"line":13,"column":19}},"6":{"start":{"line":15,"column":4},"end":{"line":15,"column":14}},"7":{"start":{"line":20,"column":2},"end":{"line":40,"column":3}},"8":{"start":{"line":21,"column":41},"end":{"line":21,"column":54}},"9":{"start":{"line":23,"column":17},"end":{"line":28,"column":7}},"10":{"start":{"line":23,"column":39},"end":{"line":28,"column":5}},"11":{"start":{"line":30,"column":28},"end":{"line":33,"column":15}},"12":{"start":{"line":35,"column":4},"end":{"line":35,"column":27}},"13":{"start":{"line":35,"column":15},"end":{"line":35,"column":27}},"14":{"start":{"line":37,"column":4},"end":{"line":37,"column":31}},"15":{"start":{"line":39,"column":4},"end":{"line":39,"column":14}},"16":{"start":{"line":44,"column":2},"end":{"line":55,"column":3}},"17":{"start":{"line":45,"column":28},"end":{"line":48,"column":53}},"18":{"start":{"line":50,"column":4},"end":{"line":50,"column":27}},"19":{"start":{"line":50,"column":15},"end":{"line":50,"column":27}},"20":{"start":{"line":52,"column":4},"end":{"line":52,"column":19}},"21":{"start":{"line":54,"column":4},"end":{"line":54,"column":14}},"22":{"start":{"line":58,"column":0},"end":{"line":58,"column":80}}},"fnMap":{"0":{"name":"listTemplates","decl":{"start":{"line":3,"column":15},"end":{"line":3,"column":28}},"loc":{"start":{"line":3,"column":45},"end":{"line":17,"column":1}},"line":3},"1":{"name":"submitResponses","decl":{"start":{"line":19,"column":15},"end":{"line":19,"column":30}},"loc":{"start":{"line":19,"column":47},"end":{"line":41,"column":1}},"line":19},"2":{"name":"(anonymous_2)","decl":{"start":{"line":23,"column":31},"end":{"line":23,"column":32}},"loc":{"start":{"line":23,"column":39},"end":{"line":28,"column":5}},"line":23},"3":{"name":"getResponsesForAppointment","decl":{"start":{"line":43,"column":15},"end":{"line":43,"column":41}},"loc":{"start":{"line":43,"column":58},"end":{"line":56,"column":1}},"line":43}},"branchMap":{"0":{"loc":{"start":{"line":11,"column":4},"end":{"line":11,"column":27}},"type":"if","locations":[{"start":{"line":11,"column":4},"end":{"line":11,"column":27}},{"start":{},"end":{}}],"line":11},"1":{"loc":{"start":{"line":35,"column":4},"end":{"line":35,"column":27}},"type":"if","locations":[{"start":{"line":35,"column":4},"end":{"line":35,"column":27}},{"start":{},"end":{}}],"line":35},"2":{"loc":{"start":{"line":50,"column":4},"end":{"line":50,"column":27}},"type":"if","locations":[{"start":{"line":50,"column":4},"end":{"line":50,"column":27}},{"start":{},"end":{}}],"line":50}},"s":{"0":7,"1":1,"2":1,"3":1,"4":0,"5":1,"6":0,"7":1,"8":1,"9":1,"10":1,"11":1,"12":1,"13":0,"14":1,"15":0,"16":1,"17":1,"18":1,"19":0,"20":1,"21":0,"22":7},"f":{"0":1,"1":1,"2":1,"3":1},"b":{"0":[0,1],"1":[0,1],"2":[0,1]},"_coverageSchema":"1a1c01bbd47fc00a2c39e90264f33305004495a9","hash":"74fc59892bacd81280cda81a9c504a1538c6918b"}
,"D:\\PROJECTS\\personalProjects\\healthon\\health-on-project\\server\\src\\controllers\\vitals.controller.js": {"path":"D:\\PROJECTS\\personalProjects\\healthon\\health-on-project\\server\\src\\controllers\\vitals.controller.js","statementMap":{"0":{"start":{"line":1,"column":22},"end":{"line":1,"column":62}},"1":{"start":{"line":4,"column":2},"end":{"line":24,"column":3}},"2":{"start":{"line":5,"column":54},"end":{"line":5,"column":67}},"3":{"start":{"line":7,"column":28},"end":{"line":17,"column":15}},"4":{"start":{"line":19,"column":4},"end":{"line":19,"column":27}},"5":{"start":{"line":19,"column":15},"end":{"line":19,"column":27}},"6":{"start":{"line":21,"column":4},"end":{"line":21,"column":31}},"7":{"start":{"line":23,"column":4},"end":{"line":23,"column":14}},"8":{"start":{"line":28,"column":2},"end":{"line":46,"column":3}},"9":{"start":{"line":29,"column":22},"end":{"line":29,"column":87}},"10":{"start":{"line":31,"column":4},"end":{"line":33,"column":5}},"11":{"start":{"line":32,"column":6},"end":{"line":32,"column":70}},"12":{"start":{"line":35,"column":28},"end":{"line":39,"column":49}},"13":{"start":{"line":41,"column":4},"end":{"line":41,"column":27}},"14":{"start":{"line":41,"column":15},"end":{"line":41,"column":27}},"15":{"start":{"line":43,"column":4},"end":{"line":43,"column":19}},"16":{"start":{"line":45,"column":4},"end":{"line":45,"column":14}},"17":{"start":{"line":49,"column":0},"end":{"line":49,"column":42}}},"fnMap":{"0":{"name":"logVital","decl":{"start":{"line":3,"column":15},"end":{"line":3,"column":23}},"loc":{"start":{"line":3,"column":40},"end":{"line":25,"column":1}},"line":3},"1":{"name":"listVitals","decl":{"start":{"line":27,"column":15},"end":{"line":27,"column":25}},"loc":{"start":{"line":27,"column":42},"end":{"line":47,"column":1}},"line":27}},"branchMap":{"0":{"loc":{"start":{"line":11,"column":24},"end":{"line":11,"column":45}},"type":"binary-expr","locations":[{"start":{"line":11,"column":24},"end":{"line":11,"column":37}},{"start":{"line":11,"column":41},"end":{"line":11,"column":45}}],"line":11},"1":{"loc":{"start":{"line":14,"column":14},"end":{"line":14,"column":26}},"type":"binary-expr","locations":[{"start":{"line":14,"column":14},"end":{"line":14,"column":18}},{"start":{"line":14,"column":22},"end":{"line":14,"column":26}}],"line":14},"2":{"loc":{"start":{"line":19,"column":4},"end":{"line":19,"column":27}},"type":"if","locations":[{"start":{"line":19,"column":4},"end":{"line":19,"column":27}},{"start":{},"end":{}}],"line":19},"3":{"loc":{"start":{"line":29,"column":22},"end":{"line":29,"column":87}},"type":"cond-expr","locations":[{"start":{"line":29,"column":54},"end":{"line":29,"column":73}},{"start":{"line":29,"column":76},"end":{"line":29,"column":87}}],"line":29},"4":{"loc":{"start":{"line":31,"column":4},"end":{"line":33,"column":5}},"type":"if","locations":[{"start":{"line":31,"column":4},"end":{"line":33,"column":5}},{"start":{},"end":{}}],"line":31},"5":{"loc":{"start":{"line":41,"column":4},"end":{"line":41,"column":27}},"type":"if","locations":[{"start":{"line":41,"column":4},"end":{"line":41,"column":27}},{"start":{},"end":{}}],"line":41}},"s":{"0":7,"1":1,"2":1,"3":1,"4":1,"5":0,"6":1,"7":0,"8":2,"9":2,"10":2,"11":0,"12":2,"13":2,"14":0,"15":2,"16":0,"17":7},"f":{"0":1,"1":2},"b":{"0":[1,1],"1":[1,0],"2":[0,1],"3":[1,1],"4":[0,2],"5":[0,2]},"_coverageSchema":"1a1c01bbd47fc00a2c39e90264f33305004495a9","hash":"529ac12ebba84b0ce41d5503053529d0f1c9cee0"}
,"D:\\PROJECTS\\personalProjects\\healthon\\health-on-project\\server\\src\\middleware\\authGuard.js": {"path":"D:\\PROJECTS\\personalProjects\\healthon\\health-on-project\\server\\src\\middleware\\authGuard.js","statementMap":{"0":{"start":{"line":1,"column":22},"end":{"line":1,"column":62}},"1":{"start":{"line":4,"column":21},"end":{"line":4,"column":46}},"2":{"start":{"line":5,"column":2},"end":{"line":7,"column":3}},"3":{"start":{"line":6,"column":4},"end":{"line":6,"column":86}},"4":{"start":{"line":9,"column":16},"end":{"line":9,"column":40}},"5":{"start":{"line":11,"column":2},"end":{"line":41,"column":3}},"6":{"start":{"line":15,"column":8},"end":{"line":15,"column":47}},"7":{"start":{"line":17,"column":4},"end":{"line":19,"column":5}},"8":{"start":{"line":18,"column":6},"end":{"line":18,"column":80}},"9":{"start":{"line":21,"column":51},"end":{"line":25,"column":15}},"10":{"start":{"line":27,"column":4},"end":{"line":29,"column":5}},"11":{"start":{"line":28,"column":6},"end":{"line":28,"column":90}},"12":{"start":{"line":31,"column":4},"end":{"line":36,"column":6}},"13":{"start":{"line":38,"column":4},"end":{"line":38,"column":11}},"14":{"start":{"line":40,"column":4},"end":{"line":40,"column":14}},"15":{"start":{"line":44,"column":0},"end":{"line":44,"column":27}}},"fnMap":{"0":{"name":"authGuard","decl":{"start":{"line":3,"column":15},"end":{"line":3,"column":24}},"loc":{"start":{"line":3,"column":41},"end":{"line":42,"column":1}},"line":3}},"branchMap":{"0":{"loc":{"start":{"line":5,"column":2},"end":{"line":7,"column":3}},"type":"if","locations":[{"start":{"line":5,"column":2},"end":{"line":7,"column":3}},{"start":{},"end":{}}],"line":5},"1":{"loc":{"start":{"line":5,"column":6},"end":{"line":5,"column":54}},"type":"binary-expr","locations":[{"start":{"line":5,"column":6},"end":{"line":5,"column":17}},{"start":{"line":5,"column":21},"end":{"line":5,"column":54}}],"line":5},"2":{"loc":{"start":{"line":17,"column":4},"end":{"line":19,"column":5}},"type":"if","locations":[{"start":{"line":17,"column":4},"end":{"line":19,"column":5}},{"start":{},"end":{}}],"line":17},"3":{"loc":{"start":{"line":17,"column":8},"end":{"line":17,"column":26}},"type":"binary-expr","locations":[{"start":{"line":17,"column":8},"end":{"line":17,"column":17}},{"start":{"line":17,"column":21},"end":{"line":17,"column":26}}],"line":17},"4":{"loc":{"start":{"line":27,"column":4},"end":{"line":29,"column":5}},"type":"if","locations":[{"start":{"line":27,"column":4},"end":{"line":29,"column":5}},{"start":{},"end":{}}],"line":27},"5":{"loc":{"start":{"line":27,"column":8},"end":{"line":27,"column":32}},"type":"binary-expr","locations":[{"start":{"line":27,"column":8},"end":{"line":27,"column":20}},{"start":{"line":27,"column":24},"end":{"line":27,"column":32}}],"line":27}},"s":{"0":7,"1":34,"2":34,"3":1,"4":33,"5":33,"6":33,"7":33,"8":0,"9":33,"10":33,"11":0,"12":33,"13":33,"14":0,"15":7},"f":{"0":34},"b":{"0":[1,33],"1":[34,33],"2":[0,33],"3":[33,33],"4":[0,33],"5":[33,33]},"_coverageSchema":"1a1c01bbd47fc00a2c39e90264f33305004495a9","hash":"afdeddce741699f989305c868bc87424fb8f7ab7"}
,"D:\\PROJECTS\\personalProjects\\healthon\\health-on-project\\server\\src\\middleware\\errorHandler.js": {"path":"D:\\PROJECTS\\personalProjects\\healthon\\health-on-project\\server\\src\\middleware\\errorHandler.js","statementMap":{"0":{"start":{"line":2,"column":2},"end":{"line":2,"column":69}},"1":{"start":{"line":4,"column":17},"end":{"line":4,"column":52}},"2":{"start":{"line":5,"column":18},"end":{"line":5,"column":56}},"3":{"start":{"line":7,"column":2},"end":{"line":10,"column":5}},"4":{"start":{"line":13,"column":0},"end":{"line":13,"column":30}}},"fnMap":{"0":{"name":"errorHandler","decl":{"start":{"line":1,"column":9},"end":{"line":1,"column":21}},"loc":{"start":{"line":1,"column":43},"end":{"line":11,"column":1}},"line":1}},"branchMap":{"0":{"loc":{"start":{"line":2,"column":36},"end":{"line":2,"column":67}},"type":"binary-expr","locations":[{"start":{"line":2,"column":36},"end":{"line":2,"column":45}},{"start":{"line":2,"column":49},"end":{"line":2,"column":60}},{"start":{"line":2,"column":64},"end":{"line":2,"column":67}}],"line":2},"1":{"loc":{"start":{"line":4,"column":17},"end":{"line":4,"column":52}},"type":"binary-expr","locations":[{"start":{"line":4,"column":17},"end":{"line":4,"column":27}},{"start":{"line":4,"column":31},"end":{"line":4,"column":45}},{"start":{"line":4,"column":49},"end":{"line":4,"column":52}}],"line":4},"2":{"loc":{"start":{"line":5,"column":18},"end":{"line":5,"column":56}},"type":"binary-expr","locations":[{"start":{"line":5,"column":18},"end":{"line":5,"column":29}},{"start":{"line":5,"column":33},"end":{"line":5,"column":56}}],"line":5},"3":{"loc":{"start":{"line":9,"column":8},"end":{"line":9,"column":72}},"type":"binary-expr","locations":[{"start":{"line":9,"column":8},"end":{"line":9,"column":46}},{"start":{"line":9,"column":50},"end":{"line":9,"column":72}}],"line":9}},"s":{"0":0,"1":0,"2":0,"3":0,"4":7},"f":{"0":0},"b":{"0":[0,0,0],"1":[0,0,0],"2":[0,0],"3":[0,0]},"_coverageSchema":"1a1c01bbd47fc00a2c39e90264f33305004495a9","hash":"e36eac39004adca7b5873b1c23ff45c01cdb0d84"}
,"D:\\PROJECTS\\personalProjects\\healthon\\health-on-project\\server\\src\\middleware\\roleGuard.js": {"path":"D:\\PROJECTS\\personalProjects\\healthon\\health-on-project\\server\\src\\middleware\\roleGuard.js","statementMap":{"0":{"start":{"line":2,"column":2},"end":{"line":14,"column":4}},"1":{"start":{"line":3,"column":4},"end":{"line":5,"column":5}},"2":{"start":{"line":4,"column":6},"end":{"line":4,"column":64}},"3":{"start":{"line":7,"column":4},"end":{"line":11,"column":5}},"4":{"start":{"line":8,"column":6},"end":{"line":10,"column":9}},"5":{"start":{"line":13,"column":4},"end":{"line":13,"column":11}},"6":{"start":{"line":17,"column":0},"end":{"line":17,"column":27}}},"fnMap":{"0":{"name":"roleGuard","decl":{"start":{"line":1,"column":9},"end":{"line":1,"column":18}},"loc":{"start":{"line":1,"column":36},"end":{"line":15,"column":1}},"line":1},"1":{"name":"(anonymous_1)","decl":{"start":{"line":2,"column":9},"end":{"line":2,"column":10}},"loc":{"start":{"line":2,"column":29},"end":{"line":14,"column":3}},"line":2}},"branchMap":{"0":{"loc":{"start":{"line":3,"column":4},"end":{"line":5,"column":5}},"type":"if","locations":[{"start":{"line":3,"column":4},"end":{"line":5,"column":5}},{"start":{},"end":{}}],"line":3},"1":{"loc":{"start":{"line":3,"column":8},"end":{"line":3,"column":35}},"type":"binary-expr","locations":[{"start":{"line":3,"column":8},"end":{"line":3,"column":17}},{"start":{"line":3,"column":21},"end":{"line":3,"column":35}}],"line":3},"2":{"loc":{"start":{"line":7,"column":4},"end":{"line":11,"column":5}},"type":"if","locations":[{"start":{"line":7,"column":4},"end":{"line":11,"column":5}},{"start":{},"end":{}}],"line":7}},"s":{"0":49,"1":11,"2":0,"3":11,"4":3,"5":8,"6":7},"f":{"0":49,"1":11},"b":{"0":[0,11],"1":[11,11],"2":[3,8]},"_coverageSchema":"1a1c01bbd47fc00a2c39e90264f33305004495a9","hash":"047fdf1552a564aa9dba62eb54999c78d5a5958d"}
,"D:\\PROJECTS\\personalProjects\\healthon\\health-on-project\\server\\src\\middleware\\validateBody.js": {"path":"D:\\PROJECTS\\personalProjects\\healthon\\health-on-project\\server\\src\\middleware\\validateBody.js","statementMap":{"0":{"start":{"line":7,"column":2},"end":{"line":17,"column":4}},"1":{"start":{"line":8,"column":19},"end":{"line":8,"column":45}},"2":{"start":{"line":9,"column":4},"end":{"line":14,"column":5}},"3":{"start":{"line":10,"column":6},"end":{"line":13,"column":9}},"4":{"start":{"line":15,"column":4},"end":{"line":15,"column":32}},"5":{"start":{"line":16,"column":4},"end":{"line":16,"column":11}},"6":{"start":{"line":20,"column":0},"end":{"line":20,"column":30}}},"fnMap":{"0":{"name":"validateBody","decl":{"start":{"line":6,"column":9},"end":{"line":6,"column":21}},"loc":{"start":{"line":6,"column":30},"end":{"line":18,"column":1}},"line":6},"1":{"name":"(anonymous_1)","decl":{"start":{"line":7,"column":9},"end":{"line":7,"column":10}},"loc":{"start":{"line":7,"column":29},"end":{"line":17,"column":3}},"line":7}},"branchMap":{"0":{"loc":{"start":{"line":9,"column":4},"end":{"line":14,"column":5}},"type":"if","locations":[{"start":{"line":9,"column":4},"end":{"line":14,"column":5}},{"start":{},"end":{}}],"line":9}},"s":{"0":91,"1":20,"2":20,"3":6,"4":14,"5":14,"6":7},"f":{"0":91,"1":20},"b":{"0":[6,14]},"_coverageSchema":"1a1c01bbd47fc00a2c39e90264f33305004495a9","hash":"18950b384e1304bb2c01c2705b449294c835632f"}
,"D:\\PROJECTS\\personalProjects\\healthon\\health-on-project\\server\\src\\routes\\appointments.routes.js": {"path":"D:\\PROJECTS\\personalProjects\\healthon\\health-on-project\\server\\src\\routes\\appointments.routes.js","statementMap":{"0":{"start":{"line":1,"column":16},"end":{"line":1,"column":34}},"1":{"start":{"line":2,"column":18},"end":{"line":2,"column":52}},"2":{"start":{"line":3,"column":18},"end":{"line":3,"column":52}},"3":{"start":{"line":4,"column":21},"end":{"line":4,"column":58}},"4":{"start":{"line":8,"column":4},"end":{"line":8,"column":52}},"5":{"start":{"line":14,"column":4},"end":{"line":14,"column":53}},"6":{"start":{"line":16,"column":15},"end":{"line":16,"column":31}},"7":{"start":{"line":18,"column":0},"end":{"line":18,"column":22}},"8":{"start":{"line":20,"column":0},"end":{"line":20,"column":99}},"9":{"start":{"line":21,"column":0},"end":{"line":21,"column":34}},"10":{"start":{"line":22,"column":0},"end":{"line":22,"column":35}},"11":{"start":{"line":23,"column":0},"end":{"line":28,"column":2}},"12":{"start":{"line":30,"column":0},"end":{"line":30,"column":24}}},"fnMap":{},"branchMap":{},"s":{"0":7,"1":7,"2":7,"3":7,"4":7,"5":7,"6":7,"7":7,"8":7,"9":7,"10":7,"11":7,"12":7},"f":{},"b":{},"_coverageSchema":"1a1c01bbd47fc00a2c39e90264f33305004495a9","hash":"87dd5c30bb83662e155479fdbff7a1a090a147c5"}
,"D:\\PROJECTS\\personalProjects\\healthon\\health-on-project\\server\\src\\routes\\auth.routes.js": {"path":"D:\\PROJECTS\\personalProjects\\healthon\\health-on-project\\server\\src\\routes\\auth.routes.js","statementMap":{"0":{"start":{"line":1,"column":16},"end":{"line":1,"column":34}},"1":{"start":{"line":2,"column":21},"end":{"line":2,"column":58}},"2":{"start":{"line":3,"column":18},"end":{"line":3,"column":52}},"3":{"start":{"line":4,"column":58},"end":{"line":4,"column":98}},"4":{"start":{"line":5,"column":55},"end":{"line":5,"column":96}},"5":{"start":{"line":7,"column":15},"end":{"line":7,"column":31}},"6":{"start":{"line":10,"column":0},"end":{"line":10,"column":78}},"7":{"start":{"line":11,"column":0},"end":{"line":11,"column":59}},"8":{"start":{"line":12,"column":0},"end":{"line":12,"column":56}},"9":{"start":{"line":13,"column":0},"end":{"line":13,"column":31}},"10":{"start":{"line":16,"column":0},"end":{"line":16,"column":36}},"11":{"start":{"line":18,"column":0},"end":{"line":18,"column":24}}},"fnMap":{},"branchMap":{},"s":{"0":7,"1":7,"2":7,"3":7,"4":7,"5":7,"6":7,"7":7,"8":7,"9":7,"10":7,"11":7},"f":{},"b":{},"_coverageSchema":"1a1c01bbd47fc00a2c39e90264f33305004495a9","hash":"221387de8ac6253b5fde04a827bd660c16ed7cba"}
,"D:\\PROJECTS\\personalProjects\\healthon\\health-on-project\\server\\src\\routes\\checklist.routes.js": {"path":"D:\\PROJECTS\\personalProjects\\healthon\\health-on-project\\server\\src\\routes\\checklist.routes.js","statementMap":{"0":{"start":{"line":1,"column":16},"end":{"line":1,"column":34}},"1":{"start":{"line":2,"column":18},"end":{"line":2,"column":52}},"2":{"start":{"line":3,"column":21},"end":{"line":3,"column":58}},"3":{"start":{"line":4,"column":38},"end":{"line":4,"column":83}},"4":{"start":{"line":5,"column":37},"end":{"line":5,"column":83}},"5":{"start":{"line":7,"column":15},"end":{"line":7,"column":31}},"6":{"start":{"line":9,"column":0},"end":{"line":9,"column":22}},"7":{"start":{"line":11,"column":0},"end":{"line":11,"column":44}},"8":{"start":{"line":12,"column":0},"end":{"line":12,"column":84}},"9":{"start":{"line":14,"column":0},"end":{"line":14,"column":24}}},"fnMap":{},"branchMap":{},"s":{"0":7,"1":7,"2":7,"3":7,"4":7,"5":7,"6":7,"7":7,"8":7,"9":7},"f":{},"b":{},"_coverageSchema":"1a1c01bbd47fc00a2c39e90264f33305004495a9","hash":"19db473c79880f630b7a53e2eba8bac2d8352d2f"}
,"D:\\PROJECTS\\personalProjects\\healthon\\health-on-project\\server\\src\\routes\\labReports.routes.js": {"path":"D:\\PROJECTS\\personalProjects\\healthon\\health-on-project\\server\\src\\routes\\labReports.routes.js","statementMap":{"0":{"start":{"line":1,"column":16},"end":{"line":1,"column":34}},"1":{"start":{"line":2,"column":18},"end":{"line":2,"column":52}},"2":{"start":{"line":3,"column":18},"end":{"line":3,"column":52}},"3":{"start":{"line":4,"column":21},"end":{"line":4,"column":58}},"4":{"start":{"line":5,"column":49},"end":{"line":5,"column":95}},"5":{"start":{"line":12,"column":4},"end":{"line":12,"column":51}},"6":{"start":{"line":14,"column":15},"end":{"line":14,"column":31}},"7":{"start":{"line":16,"column":0},"end":{"line":16,"column":22}},"8":{"start":{"line":18,"column":0},"end":{"line":18,"column":63}},"9":{"start":{"line":19,"column":0},"end":{"line":19,"column":39}},"10":{"start":{"line":20,"column":0},"end":{"line":20,"column":50}},"11":{"start":{"line":21,"column":0},"end":{"line":21,"column":69}},"12":{"start":{"line":22,"column":0},"end":{"line":27,"column":2}},"13":{"start":{"line":29,"column":0},"end":{"line":29,"column":24}}},"fnMap":{},"branchMap":{},"s":{"0":7,"1":7,"2":7,"3":7,"4":7,"5":7,"6":7,"7":7,"8":7,"9":7,"10":7,"11":7,"12":7,"13":7},"f":{},"b":{},"_coverageSchema":"1a1c01bbd47fc00a2c39e90264f33305004495a9","hash":"93fff1515ddb4c7d83027ad27bb788fb3e985519"}
,"D:\\PROJECTS\\personalProjects\\healthon\\health-on-project\\server\\src\\routes\\postVisit.routes.js": {"path":"D:\\PROJECTS\\personalProjects\\healthon\\health-on-project\\server\\src\\routes\\postVisit.routes.js","statementMap":{"0":{"start":{"line":1,"column":16},"end":{"line":1,"column":34}},"1":{"start":{"line":2,"column":18},"end":{"line":2,"column":52}},"2":{"start":{"line":3,"column":18},"end":{"line":3,"column":52}},"3":{"start":{"line":4,"column":21},"end":{"line":4,"column":58}},"4":{"start":{"line":9,"column":4},"end":{"line":9,"column":49}},"5":{"start":{"line":15,"column":4},"end":{"line":15,"column":50}},"6":{"start":{"line":17,"column":15},"end":{"line":17,"column":31}},"7":{"start":{"line":19,"column":0},"end":{"line":19,"column":22}},"8":{"start":{"line":21,"column":0},"end":{"line":21,"column":51}},"9":{"start":{"line":22,"column":0},"end":{"line":22,"column":102}},"10":{"start":{"line":23,"column":0},"end":{"line":28,"column":2}},"11":{"start":{"line":29,"column":0},"end":{"line":34,"column":2}},"12":{"start":{"line":36,"column":0},"end":{"line":36,"column":24}}},"fnMap":{},"branchMap":{},"s":{"0":7,"1":7,"2":7,"3":7,"4":7,"5":7,"6":7,"7":7,"8":7,"9":7,"10":7,"11":7,"12":7},"f":{},"b":{},"_coverageSchema":"1a1c01bbd47fc00a2c39e90264f33305004495a9","hash":"540eb55b2cc8bc8190b8b3c9af31df291268cf94"}
,"D:\\PROJECTS\\personalProjects\\healthon\\health-on-project\\server\\src\\routes\\questionnaire.routes.js": {"path":"D:\\PROJECTS\\personalProjects\\healthon\\health-on-project\\server\\src\\routes\\questionnaire.routes.js","statementMap":{"0":{"start":{"line":1,"column":16},"end":{"line":1,"column":34}},"1":{"start":{"line":2,"column":18},"end":{"line":2,"column":52}},"2":{"start":{"line":3,"column":21},"end":{"line":3,"column":58}},"3":{"start":{"line":4,"column":34},"end":{"line":4,"column":83}},"4":{"start":{"line":9,"column":4},"end":{"line":9,"column":54}},"5":{"start":{"line":11,"column":15},"end":{"line":11,"column":31}},"6":{"start":{"line":13,"column":0},"end":{"line":13,"column":22}},"7":{"start":{"line":15,"column":0},"end":{"line":15,"column":40}},"8":{"start":{"line":16,"column":0},"end":{"line":16,"column":80}},"9":{"start":{"line":17,"column":0},"end":{"line":17,"column":68}},"10":{"start":{"line":19,"column":0},"end":{"line":19,"column":24}}},"fnMap":{},"branchMap":{},"s":{"0":7,"1":7,"2":7,"3":7,"4":7,"5":7,"6":7,"7":7,"8":7,"9":7,"10":7},"f":{},"b":{},"_coverageSchema":"1a1c01bbd47fc00a2c39e90264f33305004495a9","hash":"93543d7fb0947ac7b63844ee75bddb513fa6d666"}
,"D:\\PROJECTS\\personalProjects\\healthon\\health-on-project\\server\\src\\routes\\vitals.routes.js": {"path":"D:\\PROJECTS\\personalProjects\\healthon\\health-on-project\\server\\src\\routes\\vitals.routes.js","statementMap":{"0":{"start":{"line":1,"column":16},"end":{"line":1,"column":34}},"1":{"start":{"line":2,"column":18},"end":{"line":2,"column":52}},"2":{"start":{"line":3,"column":21},"end":{"line":3,"column":58}},"3":{"start":{"line":4,"column":27},"end":{"line":4,"column":69}},"4":{"start":{"line":5,"column":33},"end":{"line":5,"column":76}},"5":{"start":{"line":7,"column":15},"end":{"line":7,"column":31}},"6":{"start":{"line":9,"column":0},"end":{"line":9,"column":22}},"7":{"start":{"line":11,"column":0},"end":{"line":11,"column":57}},"8":{"start":{"line":12,"column":0},"end":{"line":12,"column":28}},"9":{"start":{"line":14,"column":0},"end":{"line":14,"column":24}}},"fnMap":{},"branchMap":{},"s":{"0":7,"1":7,"2":7,"3":7,"4":7,"5":7,"6":7,"7":7,"8":7,"9":7},"f":{},"b":{},"_coverageSchema":"1a1c01bbd47fc00a2c39e90264f33305004495a9","hash":"876c548a1f6f56599cb788a2c829c2727bfaf7fd"}
,"D:\\PROJECTS\\personalProjects\\healthon\\health-on-project\\server\\src\\services\\checklist.service.js": {"path":"D:\\PROJECTS\\personalProjects\\healthon\\health-on-project\\server\\src\\services\\checklist.service.js","statementMap":{"0":{"start":{"line":1,"column":22},"end":{"line":1,"column":62}},"1":{"start":{"line":7,"column":51},"end":{"line":11,"column":26}},"2":{"start":{"line":13,"column":2},"end":{"line":15,"column":3}},"3":{"start":{"line":14,"column":4},"end":{"line":14,"column":77}},"4":{"start":{"line":17,"column":56},"end":{"line":20,"column":40}},"5":{"start":{"line":22,"column":2},"end":{"line":24,"column":3}},"6":{"start":{"line":23,"column":4},"end":{"line":23,"column":89}},"7":{"start":{"line":26,"column":25},"end":{"line":26,"column":75}},"8":{"start":{"line":26,"column":66},"end":{"line":26,"column":73}},"9":{"start":{"line":27,"column":19},"end":{"line":34,"column":7}},"10":{"start":{"line":28,"column":22},"end":{"line":28,"column":53}},"11":{"start":{"line":29,"column":20},"end":{"line":34,"column":5}},"12":{"start":{"line":36,"column":2},"end":{"line":36,"column":39}},"13":{"start":{"line":36,"column":29},"end":{"line":36,"column":39}},"14":{"start":{"line":38,"column":49},"end":{"line":41,"column":13}},"15":{"start":{"line":43,"column":2},"end":{"line":45,"column":3}},"16":{"start":{"line":44,"column":4},"end":{"line":44,"column":87}},"17":{"start":{"line":47,"column":2},"end":{"line":47,"column":18}},"18":{"start":{"line":54,"column":26},"end":{"line":64,"column":13}},"19":{"start":{"line":66,"column":2},"end":{"line":68,"column":3}},"20":{"start":{"line":67,"column":4},"end":{"line":67,"column":86}},"21":{"start":{"line":70,"column":2},"end":{"line":70,"column":14}},"22":{"start":{"line":73,"column":0},"end":{"line":73,"column":77}}},"fnMap":{"0":{"name":"ensureStaticChecklistItems","decl":{"start":{"line":6,"column":15},"end":{"line":6,"column":41}},"loc":{"start":{"line":6,"column":68},"end":{"line":48,"column":1}},"line":6},"1":{"name":"(anonymous_1)","decl":{"start":{"line":26,"column":59},"end":{"line":26,"column":60}},"loc":{"start":{"line":26,"column":66},"end":{"line":26,"column":73}},"line":26},"2":{"name":"(anonymous_2)","decl":{"start":{"line":28,"column":12},"end":{"line":28,"column":13}},"loc":{"start":{"line":28,"column":22},"end":{"line":28,"column":53}},"line":28},"3":{"name":"(anonymous_3)","decl":{"start":{"line":29,"column":9},"end":{"line":29,"column":10}},"loc":{"start":{"line":29,"column":20},"end":{"line":34,"column":5}},"line":29},"4":{"name":"addAiGeneratedChecklistItem","decl":{"start":{"line":53,"column":15},"end":{"line":53,"column":42}},"loc":{"start":{"line":53,"column":91},"end":{"line":71,"column":1}},"line":53}},"branchMap":{"0":{"loc":{"start":{"line":13,"column":2},"end":{"line":15,"column":3}},"type":"if","locations":[{"start":{"line":13,"column":2},"end":{"line":15,"column":3}},{"start":{},"end":{}}],"line":13},"1":{"loc":{"start":{"line":22,"column":2},"end":{"line":24,"column":3}},"type":"if","locations":[{"start":{"line":22,"column":2},"end":{"line":24,"column":3}},{"start":{},"end":{}}],"line":22},"2":{"loc":{"start":{"line":26,"column":34},"end":{"line":26,"column":53}},"type":"binary-expr","locations":[{"start":{"line":26,"column":34},"end":{"line":26,"column":47}},{"start":{"line":26,"column":51},"end":{"line":26,"column":53}}],"line":26},"3":{"loc":{"start":{"line":27,"column":20},"end":{"line":27,"column":37}},"type":"binary-expr","locations":[{"start":{"line":27,"column":20},"end":{"line":27,"column":31}},{"start":{"line":27,"column":35},"end":{"line":27,"column":37}}],"line":27},"4":{"loc":{"start":{"line":36,"column":2},"end":{"line":36,"column":39}},"type":"if","locations":[{"start":{"line":36,"column":2},"end":{"line":36,"column":39}},{"start":{},"end":{}}],"line":36},"5":{"loc":{"start":{"line":43,"column":2},"end":{"line":45,"column":3}},"type":"if","locations":[{"start":{"line":43,"column":2},"end":{"line":45,"column":3}},{"start":{},"end":{}}],"line":43},"6":{"loc":{"start":{"line":66,"column":2},"end":{"line":68,"column":3}},"type":"if","locations":[{"start":{"line":66,"column":2},"end":{"line":68,"column":3}},{"start":{},"end":{}}],"line":66}},"s":{"0":6,"1":0,"2":0,"3":0,"4":0,"5":0,"6":0,"7":0,"8":0,"9":0,"10":0,"11":0,"12":0,"13":0,"14":0,"15":0,"16":0,"17":0,"18":0,"19":0,"20":0,"21":0,"22":6},"f":{"0":0,"1":0,"2":0,"3":0,"4":0},"b":{"0":[0,0],"1":[0,0],"2":[0,0],"3":[0,0],"4":[0,0],"5":[0,0],"6":[0,0]},"_coverageSchema":"1a1c01bbd47fc00a2c39e90264f33305004495a9","hash":"c677f251c14dfe12381969be1efcceeb97edb7a8"}
,"D:\\PROJECTS\\personalProjects\\healthon\\health-on-project\\server\\src\\services\\invite.service.js": {"path":"D:\\PROJECTS\\personalProjects\\healthon\\health-on-project\\server\\src\\services\\invite.service.js","statementMap":{"0":{"start":{"line":1,"column":15},"end":{"line":1,"column":32}},"1":{"start":{"line":2,"column":19},"end":{"line":2,"column":40}},"2":{"start":{"line":3,"column":22},"end":{"line":3,"column":62}},"3":{"start":{"line":4,"column":12},"end":{"line":4,"column":36}},"4":{"start":{"line":6,"column":20},"end":{"line":11,"column":2}},"5":{"start":{"line":14,"column":2},"end":{"line":14,"column":48}},"6":{"start":{"line":21,"column":16},"end":{"line":21,"column":31}},"7":{"start":{"line":22,"column":20},"end":{"line":22,"column":83}},"8":{"start":{"line":24,"column":34},"end":{"line":33,"column":13}},"9":{"start":{"line":35,"column":2},"end":{"line":37,"column":3}},"10":{"start":{"line":36,"column":4},"end":{"line":36,"column":65}},"11":{"start":{"line":39,"column":21},"end":{"line":39,"column":58}},"12":{"start":{"line":41,"column":2},"end":{"line":55,"column":3}},"13":{"start":{"line":42,"column":4},"end":{"line":52,"column":7}},"14":{"start":{"line":54,"column":4},"end":{"line":54,"column":137}},"15":{"start":{"line":57,"column":2},"end":{"line":57,"column":16}},"16":{"start":{"line":60,"column":0},"end":{"line":60,"column":41}}},"fnMap":{"0":{"name":"generateToken","decl":{"start":{"line":13,"column":9},"end":{"line":13,"column":22}},"loc":{"start":{"line":13,"column":25},"end":{"line":15,"column":1}},"line":13},"1":{"name":"createAndSendInvite","decl":{"start":{"line":20,"column":15},"end":{"line":20,"column":34}},"loc":{"start":{"line":20,"column":85},"end":{"line":58,"column":1}},"line":20}},"branchMap":{"0":{"loc":{"start":{"line":10,"column":8},"end":{"line":10,"column":80}},"type":"cond-expr","locations":[{"start":{"line":10,"column":24},"end":{"line":10,"column":68}},{"start":{"line":10,"column":71},"end":{"line":10,"column":80}}],"line":10},"1":{"loc":{"start":{"line":35,"column":2},"end":{"line":37,"column":3}},"type":"if","locations":[{"start":{"line":35,"column":2},"end":{"line":37,"column":3}},{"start":{},"end":{}}],"line":35},"2":{"loc":{"start":{"line":47,"column":16},"end":{"line":47,"column":37}},"type":"binary-expr","locations":[{"start":{"line":47,"column":16},"end":{"line":47,"column":31}},{"start":{"line":47,"column":35},"end":{"line":47,"column":37}}],"line":47}},"s":{"0":6,"1":6,"2":6,"3":6,"4":6,"5":0,"6":0,"7":0,"8":0,"9":0,"10":0,"11":0,"12":0,"13":0,"14":0,"15":0,"16":6},"f":{"0":0,"1":0},"b":{"0":[0,6],"1":[0,0],"2":[0,0]},"_coverageSchema":"1a1c01bbd47fc00a2c39e90264f33305004495a9","hash":"f4d34c5adef5023890ebe7e6ea43d0da7425d658"}
,"D:\\PROJECTS\\personalProjects\\healthon\\health-on-project\\server\\src\\services\\triage.service.js": {"path":"D:\\PROJECTS\\personalProjects\\healthon\\health-on-project\\server\\src\\services\\triage.service.js","statementMap":{"0":{"start":{"line":1,"column":22},"end":{"line":1,"column":62}},"1":{"start":{"line":2,"column":40},"end":{"line":2,"column":70}},"2":{"start":{"line":8,"column":31},"end":{"line":8,"column":66}},"3":{"start":{"line":8,"column":51},"end":{"line":8,"column":65}},"4":{"start":{"line":9,"column":29},"end":{"line":9,"column":100}},"5":{"start":{"line":11,"column":2},"end":{"line":13,"column":3}},"6":{"start":{"line":12,"column":4},"end":{"line":12,"column":16}},"7":{"start":{"line":15,"column":2},"end":{"line":17,"column":3}},"8":{"start":{"line":16,"column":4},"end":{"line":16,"column":16}},"9":{"start":{"line":19,"column":22},"end":{"line":21,"column":57}},"10":{"start":{"line":23,"column":2},"end":{"line":28,"column":5}},"11":{"start":{"line":35,"column":26},"end":{"line":45,"column":46}},"12":{"start":{"line":47,"column":2},"end":{"line":49,"column":3}},"13":{"start":{"line":48,"column":4},"end":{"line":48,"column":69}},"14":{"start":{"line":51,"column":2},"end":{"line":51,"column":14}},"15":{"start":{"line":54,"column":0},"end":{"line":54,"column":62}}},"fnMap":{"0":{"name":"maybeFlagReportForTriage","decl":{"start":{"line":7,"column":15},"end":{"line":7,"column":39}},"loc":{"start":{"line":7,"column":64},"end":{"line":29,"column":1}},"line":7},"1":{"name":"(anonymous_1)","decl":{"start":{"line":8,"column":44},"end":{"line":8,"column":45}},"loc":{"start":{"line":8,"column":51},"end":{"line":8,"column":65}},"line":8},"2":{"name":"getTriageQueue","decl":{"start":{"line":34,"column":15},"end":{"line":34,"column":29}},"loc":{"start":{"line":34,"column":32},"end":{"line":52,"column":1}},"line":34}},"branchMap":{"0":{"loc":{"start":{"line":9,"column":29},"end":{"line":9,"column":100}},"type":"binary-expr","locations":[{"start":{"line":9,"column":29},"end":{"line":9,"column":62}},{"start":{"line":9,"column":66},"end":{"line":9,"column":100}}],"line":9},"1":{"loc":{"start":{"line":11,"column":2},"end":{"line":13,"column":3}},"type":"if","locations":[{"start":{"line":11,"column":2},"end":{"line":13,"column":3}},{"start":{},"end":{}}],"line":11},"2":{"loc":{"start":{"line":11,"column":6},"end":{"line":11,"column":50}},"type":"binary-expr","locations":[{"start":{"line":11,"column":6},"end":{"line":11,"column":27}},{"start":{"line":11,"column":31},"end":{"line":11,"column":50}}],"line":11},"3":{"loc":{"start":{"line":15,"column":2},"end":{"line":17,"column":3}},"type":"if","locations":[{"start":{"line":15,"column":2},"end":{"line":17,"column":3}},{"start":{},"end":{}}],"line":15},"4":{"loc":{"start":{"line":19,"column":22},"end":{"line":21,"column":57}},"type":"cond-expr","locations":[{"start":{"line":20,"column":6},"end":{"line":20,"column":63}},{"start":{"line":21,"column":6},"end":{"line":21,"column":57}}],"line":19},"5":{"loc":{"start":{"line":47,"column":2},"end":{"line":49,"column":3}},"type":"if","locations":[{"start":{"line":47,"column":2},"end":{"line":49,"column":3}},{"start":{},"end":{}}],"line":47}},"s":{"0":6,"1":6,"2":0,"3":0,"4":0,"5":0,"6":0,"7":0,"8":0,"9":0,"10":0,"11":0,"12":0,"13":0,"14":0,"15":6},"f":{"0":0,"1":0,"2":0},"b":{"0":[0,0],"1":[0,0],"2":[0,0],"3":[0,0],"4":[0,0],"5":[0,0]},"_coverageSchema":"1a1c01bbd47fc00a2c39e90264f33305004495a9","hash":"e2966d8e55e4a524d28472b43f440ef9210b4ac2"}
,"D:\\PROJECTS\\personalProjects\\healthon\\health-on-project\\server\\src\\services\\standardization\\standardizeLabReport.service.js": {"path":"D:\\PROJECTS\\personalProjects\\healthon\\health-on-project\\server\\src\\services\\standardization\\standardizeLabReport.service.js","statementMap":{"0":{"start":{"line":1,"column":22},"end":{"line":1,"column":65}},"1":{"start":{"line":2,"column":12},"end":{"line":2,"column":39}},"2":{"start":{"line":3,"column":24},"end":{"line":3,"column":59}},"3":{"start":{"line":5,"column":22},"end":{"line":5,"column":26}},"4":{"start":{"line":6,"column":24},"end":{"line":6,"column":25}},"5":{"start":{"line":7,"column":21},"end":{"line":7,"column":30}},"6":{"start":{"line":10,"column":18},"end":{"line":10,"column":63}},"7":{"start":{"line":11,"column":2},"end":{"line":13,"column":3}},"8":{"start":{"line":12,"column":4},"end":{"line":12,"column":27}},"9":{"start":{"line":15,"column":26},"end":{"line":18,"column":26}},"10":{"start":{"line":20,"column":2},"end":{"line":22,"column":3}},"11":{"start":{"line":21,"column":4},"end":{"line":21,"column":74}},"12":{"start":{"line":24,"column":2},"end":{"line":24,"column":25}},"13":{"start":{"line":25,"column":2},"end":{"line":25,"column":33}},"14":{"start":{"line":26,"column":2},"end":{"line":26,"column":14}},"15":{"start":{"line":30,"column":2},"end":{"line":30,"column":60}},"16":{"start":{"line":34,"column":24},"end":{"line":34,"column":44}},"17":{"start":{"line":36,"column":2},"end":{"line":39,"column":5}},"18":{"start":{"line":37,"column":4},"end":{"line":37,"column":72}},"19":{"start":{"line":37,"column":60},"end":{"line":37,"column":72}},"20":{"start":{"line":38,"column":4},"end":{"line":38,"column":88}},"21":{"start":{"line":38,"column":49},"end":{"line":38,"column":86}},"22":{"start":{"line":43,"column":21},"end":{"line":43,"column":43}},"23":{"start":{"line":45,"column":2},"end":{"line":83,"column":5}},"24":{"start":{"line":46,"column":18},"end":{"line":46,"column":61}},"25":{"start":{"line":47,"column":25},"end":{"line":47,"column":99}},"26":{"start":{"line":48,"column":28},"end":{"line":48,"column":55}},"27":{"start":{"line":50,"column":4},"end":{"line":61,"column":5}},"28":{"start":{"line":51,"column":6},"end":{"line":60,"column":8}},"29":{"start":{"line":63,"column":23},"end":{"line":65,"column":41}},"30":{"start":{"line":67,"column":33},"end":{"line":67,"column":87}},"31":{"start":{"line":69,"column":6},"end":{"line":69,"column":95}},"32":{"start":{"line":71,"column":24},"end":{"line":71,"column":92}},"33":{"start":{"line":73,"column":4},"end":{"line":82,"column":6}},"34":{"start":{"line":86,"column":0},"end":{"line":86,"column":56}}},"fnMap":{"0":{"name":"loadDictionary","decl":{"start":{"line":9,"column":15},"end":{"line":9,"column":29}},"loc":{"start":{"line":9,"column":32},"end":{"line":27,"column":1}},"line":9},"1":{"name":"normalizeKey","decl":{"start":{"line":29,"column":9},"end":{"line":29,"column":21}},"loc":{"start":{"line":29,"column":27},"end":{"line":31,"column":1}},"line":29},"2":{"name":"findDictionaryEntry","decl":{"start":{"line":33,"column":9},"end":{"line":33,"column":28}},"loc":{"start":{"line":33,"column":49},"end":{"line":40,"column":1}},"line":33},"3":{"name":"(anonymous_3)","decl":{"start":{"line":36,"column":25},"end":{"line":36,"column":26}},"loc":{"start":{"line":36,"column":36},"end":{"line":39,"column":3}},"line":36},"4":{"name":"(anonymous_4)","decl":{"start":{"line":38,"column":38},"end":{"line":38,"column":39}},"loc":{"start":{"line":38,"column":49},"end":{"line":38,"column":86}},"line":38},"5":{"name":"standardizeMetrics","decl":{"start":{"line":42,"column":15},"end":{"line":42,"column":33}},"loc":{"start":{"line":42,"column":46},"end":{"line":84,"column":1}},"line":42},"6":{"name":"(anonymous_6)","decl":{"start":{"line":45,"column":24},"end":{"line":45,"column":25}},"loc":{"start":{"line":45,"column":36},"end":{"line":83,"column":3}},"line":45}},"branchMap":{"0":{"loc":{"start":{"line":11,"column":2},"end":{"line":13,"column":3}},"type":"if","locations":[{"start":{"line":11,"column":2},"end":{"line":13,"column":3}},{"start":{},"end":{}}],"line":11},"1":{"loc":{"start":{"line":11,"column":6},"end":{"line":11,"column":33}},"type":"binary-expr","locations":[{"start":{"line":11,"column":6},"end":{"line":11,"column":21}},{"start":{"line":11,"column":25},"end":{"line":11,"column":33}}],"line":11},"2":{"loc":{"start":{"line":20,"column":2},"end":{"line":22,"column":3}},"type":"if","locations":[{"start":{"line":20,"column":2},"end":{"line":22,"column":3}},{"start":{},"end":{}}],"line":20},"3":{"loc":{"start":{"line":37,"column":4},"end":{"line":37,"column":72}},"type":"if","locations":[{"start":{"line":37,"column":4},"end":{"line":37,"column":72}},{"start":{},"end":{}}],"line":37},"4":{"loc":{"start":{"line":38,"column":12},"end":{"line":38,"column":31}},"type":"binary-expr","locations":[{"start":{"line":38,"column":12},"end":{"line":38,"column":25}},{"start":{"line":38,"column":29},"end":{"line":38,"column":31}}],"line":38},"5":{"loc":{"start":{"line":47,"column":25},"end":{"line":47,"column":99}},"type":"cond-expr","locations":[{"start":{"line":47,"column":60},"end":{"line":47,"column":72}},{"start":{"line":47,"column":75},"end":{"line":47,"column":99}}],"line":47},"6":{"loc":{"start":{"line":50,"column":4},"end":{"line":61,"column":5}},"type":"if","locations":[{"start":{"line":50,"column":4},"end":{"line":61,"column":5}},{"start":{},"end":{}}],"line":50},"7":{"loc":{"start":{"line":55,"column":22},"end":{"line":55,"column":59}},"type":"cond-expr","locations":[{"start":{"line":55,"column":40},"end":{"line":55,"column":52}},{"start":{"line":55,"column":55},"end":{"line":55,"column":59}}],"line":55},"8":{"loc":{"start":{"line":56,"column":18},"end":{"line":56,"column":37}},"type":"binary-expr","locations":[{"start":{"line":56,"column":18},"end":{"line":56,"column":29}},{"start":{"line":56,"column":33},"end":{"line":56,"column":37}}],"line":56},"9":{"loc":{"start":{"line":58,"column":26},"end":{"line":58,"column":51}},"type":"binary-expr","locations":[{"start":{"line":58,"column":26},"end":{"line":58,"column":43}},{"start":{"line":58,"column":47},"end":{"line":58,"column":51}}],"line":58},"10":{"loc":{"start":{"line":63,"column":23},"end":{"line":65,"column":41}},"type":"cond-expr","locations":[{"start":{"line":64,"column":8},"end":{"line":64,"column":67}},{"start":{"line":65,"column":8},"end":{"line":65,"column":41}}],"line":63},"11":{"loc":{"start":{"line":67,"column":33},"end":{"line":67,"column":87}},"type":"binary-expr","locations":[{"start":{"line":67,"column":33},"end":{"line":67,"column":53}},{"start":{"line":67,"column":57},"end":{"line":67,"column":87}}],"line":67},"12":{"loc":{"start":{"line":69,"column":6},"end":{"line":69,"column":95}},"type":"binary-expr","locations":[{"start":{"line":69,"column":6},"end":{"line":69,"column":43}},{"start":{"line":69,"column":47},"end":{"line":69,"column":95}}],"line":69},"13":{"loc":{"start":{"line":71,"column":24},"end":{"line":71,"column":92}},"type":"binary-expr","locations":[{"start":{"line":71,"column":24},"end":{"line":71,"column":40}},{"start":{"line":71,"column":44},"end":{"line":71,"column":64}},{"start":{"line":71,"column":68},"end":{"line":71,"column":92}}],"line":71},"14":{"loc":{"start":{"line":78,"column":16},"end":{"line":78,"column":35}},"type":"binary-expr","locations":[{"start":{"line":78,"column":16},"end":{"line":78,"column":27}},{"start":{"line":78,"column":31},"end":{"line":78,"column":35}}],"line":78},"15":{"loc":{"start":{"line":79,"column":21},"end":{"line":79,"column":48}},"type":"binary-expr","locations":[{"start":{"line":79,"column":21},"end":{"line":79,"column":40}},{"start":{"line":79,"column":44},"end":{"line":79,"column":48}}],"line":79},"16":{"loc":{"start":{"line":80,"column":24},"end":{"line":80,"column":49}},"type":"binary-expr","locations":[{"start":{"line":80,"column":24},"end":{"line":80,"column":41}},{"start":{"line":80,"column":45},"end":{"line":80,"column":49}}],"line":80}},"s":{"0":6,"1":6,"2":6,"3":6,"4":6,"5":6,"6":0,"7":0,"8":0,"9":0,"10":0,"11":0,"12":0,"13":0,"14":0,"15":0,"16":0,"17":0,"18":0,"19":0,"20":0,"21":0,"22":0,"23":0,"24":0,"25":0,"26":0,"27":0,"28":0,"29":0,"30":0,"31":0,"32":0,"33":0,"34":6},"f":{"0":0,"1":0,"2":0,"3":0,"4":0,"5":0,"6":0},"b":{"0":[0,0],"1":[0,0],"2":[0,0],"3":[0,0],"4":[0,0],"5":[0,0],"6":[0,0],"7":[0,0],"8":[0,0],"9":[0,0],"10":[0,0],"11":[0,0],"12":[0,0],"13":[0,0,0],"14":[0,0],"15":[0,0],"16":[0,0]},"_coverageSchema":"1a1c01bbd47fc00a2c39e90264f33305004495a9","hash":"cb092cfabfd6f2a11148c4465e9be890108e3a6b"}
,"D:\\PROJECTS\\personalProjects\\healthon\\health-on-project\\server\\src\\services\\standardization\\unitConversion.service.js": {"path":"D:\\PROJECTS\\personalProjects\\healthon\\health-on-project\\server\\src\\services\\standardization\\unitConversion.service.js","statementMap":{"0":{"start":{"line":1,"column":20},"end":{"line":8,"column":1}},"1":{"start":{"line":2,"column":26},"end":{"line":2,"column":32}},"2":{"start":{"line":3,"column":26},"end":{"line":3,"column":32}},"3":{"start":{"line":4,"column":19},"end":{"line":4,"column":30}},"4":{"start":{"line":5,"column":19},"end":{"line":5,"column":30}},"5":{"start":{"line":6,"column":30},"end":{"line":6,"column":36}},"6":{"start":{"line":7,"column":30},"end":{"line":7,"column":36}},"7":{"start":{"line":11,"column":2},"end":{"line":11,"column":43}},"8":{"start":{"line":15,"column":15},"end":{"line":15,"column":38}},"9":{"start":{"line":16,"column":13},"end":{"line":16,"column":34}},"10":{"start":{"line":18,"column":2},"end":{"line":20,"column":3}},"11":{"start":{"line":19,"column":4},"end":{"line":19,"column":38}},"12":{"start":{"line":22,"column":16},"end":{"line":22,"column":33}},"13":{"start":{"line":23,"column":13},"end":{"line":23,"column":31}},"14":{"start":{"line":25,"column":2},"end":{"line":27,"column":3}},"15":{"start":{"line":26,"column":4},"end":{"line":26,"column":39}},"16":{"start":{"line":29,"column":2},"end":{"line":29,"column":47}},"17":{"start":{"line":32,"column":0},"end":{"line":32,"column":33}}},"fnMap":{"0":{"name":"(anonymous_0)","decl":{"start":{"line":2,"column":19},"end":{"line":2,"column":20}},"loc":{"start":{"line":2,"column":26},"end":{"line":2,"column":32}},"line":2},"1":{"name":"(anonymous_1)","decl":{"start":{"line":3,"column":19},"end":{"line":3,"column":20}},"loc":{"start":{"line":3,"column":26},"end":{"line":3,"column":32}},"line":3},"2":{"name":"(anonymous_2)","decl":{"start":{"line":4,"column":12},"end":{"line":4,"column":13}},"loc":{"start":{"line":4,"column":19},"end":{"line":4,"column":30}},"line":4},"3":{"name":"(anonymous_3)","decl":{"start":{"line":5,"column":12},"end":{"line":5,"column":13}},"loc":{"start":{"line":5,"column":19},"end":{"line":5,"column":30}},"line":5},"4":{"name":"(anonymous_4)","decl":{"start":{"line":6,"column":23},"end":{"line":6,"column":24}},"loc":{"start":{"line":6,"column":30},"end":{"line":6,"column":36}},"line":6},"5":{"name":"(anonymous_5)","decl":{"start":{"line":7,"column":23},"end":{"line":7,"column":24}},"loc":{"start":{"line":7,"column":30},"end":{"line":7,"column":36}},"line":7},"6":{"name":"normalizeUnit","decl":{"start":{"line":10,"column":9},"end":{"line":10,"column":22}},"loc":{"start":{"line":10,"column":29},"end":{"line":12,"column":1}},"line":10},"7":{"name":"convertUnit","decl":{"start":{"line":14,"column":9},"end":{"line":14,"column":20}},"loc":{"start":{"line":14,"column":46},"end":{"line":30,"column":1}},"line":14}},"branchMap":{"0":{"loc":{"start":{"line":11,"column":10},"end":{"line":11,"column":20}},"type":"binary-expr","locations":[{"start":{"line":11,"column":10},"end":{"line":11,"column":14}},{"start":{"line":11,"column":18},"end":{"line":11,"column":20}}],"line":11},"1":{"loc":{"start":{"line":18,"column":2},"end":{"line":20,"column":3}},"type":"if","locations":[{"start":{"line":18,"column":2},"end":{"line":20,"column":3}},{"start":{},"end":{}}],"line":18},"2":{"loc":{"start":{"line":18,"column":6},"end":{"line":18,"column":33}},"type":"binary-expr","locations":[{"start":{"line":18,"column":6},"end":{"line":18,"column":11}},{"start":{"line":18,"column":15},"end":{"line":18,"column":18}},{"start":{"line":18,"column":22},"end":{"line":18,"column":33}}],"line":18},"3":{"loc":{"start":{"line":23,"column":13},"end":{"line":23,"column":31}},"type":"binary-expr","locations":[{"start":{"line":23,"column":13},"end":{"line":23,"column":18}},{"start":{"line":23,"column":22},"end":{"line":23,"column":31}}],"line":23},"4":{"loc":{"start":{"line":25,"column":2},"end":{"line":27,"column":3}},"type":"if","locations":[{"start":{"line":25,"column":2},"end":{"line":27,"column":3}},{"start":{},"end":{}}],"line":25}},"s":{"0":6,"1":0,"2":0,"3":0,"4":0,"5":0,"6":0,"7":0,"8":0,"9":0,"10":0,"11":0,"12":0,"13":0,"14":0,"15":0,"16":0,"17":6},"f":{"0":0,"1":0,"2":0,"3":0,"4":0,"5":0,"6":0,"7":0},"b":{"0":[0,0],"1":[0,0],"2":[0,0,0],"3":[0,0],"4":[0,0]},"_coverageSchema":"1a1c01bbd47fc00a2c39e90264f33305004495a9","hash":"637f5a2d9cc4af19725e97ef73b8db4e949fbfdd"}
,"D:\\PROJECTS\\personalProjects\\healthon\\health-on-project\\server\\src\\validators\\appointments.validators.js": {"path":"D:\\PROJECTS\\personalProjects\\healthon\\health-on-project\\server\\src\\validators\\appointments.validators.js","statementMap":{"0":{"start":{"line":1,"column":14},"end":{"line":1,"column":28}},"1":{"start":{"line":3,"column":32},"end":{"line":7,"column":2}},"2":{"start":{"line":9,"column":38},"end":{"line":11,"column":2}},"3":{"start":{"line":13,"column":0},"end":{"line":13,"column":76}}},"fnMap":{},"branchMap":{},"s":{"0":7,"1":7,"2":7,"3":7},"f":{},"b":{},"_coverageSchema":"1a1c01bbd47fc00a2c39e90264f33305004495a9","hash":"70347526e2a28ef0c36645e158b202c93fbfdadb"}
,"D:\\PROJECTS\\personalProjects\\healthon\\health-on-project\\server\\src\\validators\\auth.validators.js": {"path":"D:\\PROJECTS\\personalProjects\\healthon\\health-on-project\\server\\src\\validators\\auth.validators.js","statementMap":{"0":{"start":{"line":1,"column":14},"end":{"line":1,"column":28}},"1":{"start":{"line":3,"column":27},"end":{"line":6,"column":2}},"2":{"start":{"line":8,"column":21},"end":{"line":14,"column":2}},"3":{"start":{"line":16,"column":20},"end":{"line":19,"column":2}},"4":{"start":{"line":21,"column":0},"end":{"line":21,"column":67}}},"fnMap":{},"branchMap":{},"s":{"0":7,"1":7,"2":7,"3":7,"4":7},"f":{},"b":{},"_coverageSchema":"1a1c01bbd47fc00a2c39e90264f33305004495a9","hash":"4febfa0b09b54f7f74e7ab056d8e85ff3c460c4c"}
,"D:\\PROJECTS\\personalProjects\\healthon\\health-on-project\\server\\src\\validators\\checklist.validators.js": {"path":"D:\\PROJECTS\\personalProjects\\healthon\\health-on-project\\server\\src\\validators\\checklist.validators.js","statementMap":{"0":{"start":{"line":1,"column":14},"end":{"line":1,"column":28}},"1":{"start":{"line":3,"column":34},"end":{"line":5,"column":2}},"2":{"start":{"line":7,"column":0},"end":{"line":7,"column":47}}},"fnMap":{},"branchMap":{},"s":{"0":7,"1":7,"2":7},"f":{},"b":{},"_coverageSchema":"1a1c01bbd47fc00a2c39e90264f33305004495a9","hash":"0e370c8beb554fbb24adb1140991ebf7a2f13e14"}
,"D:\\PROJECTS\\personalProjects\\healthon\\health-on-project\\server\\src\\validators\\labReports.validators.js": {"path":"D:\\PROJECTS\\personalProjects\\healthon\\health-on-project\\server\\src\\validators\\labReports.validators.js","statementMap":{"0":{"start":{"line":1,"column":14},"end":{"line":1,"column":28}},"1":{"start":{"line":4,"column":24},"end":{"line":9,"column":2}},"2":{"start":{"line":12,"column":25},"end":{"line":18,"column":2}},"3":{"start":{"line":20,"column":27},"end":{"line":23,"column":2}},"4":{"start":{"line":25,"column":0},"end":{"line":25,"column":58}}},"fnMap":{},"branchMap":{},"s":{"0":7,"1":7,"2":7,"3":7,"4":7},"f":{},"b":{},"_coverageSchema":"1a1c01bbd47fc00a2c39e90264f33305004495a9","hash":"b86908af9da895e07c211024eed173c96805d859"}
,"D:\\PROJECTS\\personalProjects\\healthon\\health-on-project\\server\\src\\validators\\postVisit.validators.js": {"path":"D:\\PROJECTS\\personalProjects\\healthon\\health-on-project\\server\\src\\validators\\postVisit.validators.js","statementMap":{"0":{"start":{"line":1,"column":14},"end":{"line":1,"column":28}},"1":{"start":{"line":3,"column":24},"end":{"line":5,"column":2}},"2":{"start":{"line":7,"column":33},"end":{"line":10,"column":2}},"3":{"start":{"line":12,"column":28},"end":{"line":14,"column":2}},"4":{"start":{"line":16,"column":0},"end":{"line":16,"column":84}}},"fnMap":{},"branchMap":{},"s":{"0":7,"1":7,"2":7,"3":7,"4":7},"f":{},"b":{},"_coverageSchema":"1a1c01bbd47fc00a2c39e90264f33305004495a9","hash":"dddaed8c04598abb556a540879e3635a71d55f04"}
,"D:\\PROJECTS\\personalProjects\\healthon\\health-on-project\\server\\src\\validators\\questionnaire.validators.js": {"path":"D:\\PROJECTS\\personalProjects\\healthon\\health-on-project\\server\\src\\validators\\questionnaire.validators.js","statementMap":{"0":{"start":{"line":1,"column":14},"end":{"line":1,"column":28}},"1":{"start":{"line":3,"column":30},"end":{"line":13,"column":2}},"2":{"start":{"line":15,"column":0},"end":{"line":15,"column":43}}},"fnMap":{},"branchMap":{},"s":{"0":7,"1":7,"2":7},"f":{},"b":{},"_coverageSchema":"1a1c01bbd47fc00a2c39e90264f33305004495a9","hash":"74a72a1c9b05a40d1264257f36bea45216f62aeb"}
,"D:\\PROJECTS\\personalProjects\\healthon\\health-on-project\\server\\src\\validators\\vitals.validators.js": {"path":"D:\\PROJECTS\\personalProjects\\healthon\\health-on-project\\server\\src\\validators\\vitals.validators.js","statementMap":{"0":{"start":{"line":1,"column":14},"end":{"line":1,"column":28}},"1":{"start":{"line":3,"column":23},"end":{"line":8,"column":2}},"2":{"start":{"line":10,"column":0},"end":{"line":10,"column":36}}},"fnMap":{},"branchMap":{},"s":{"0":7,"1":7,"2":7},"f":{},"b":{},"_coverageSchema":"1a1c01bbd47fc00a2c39e90264f33305004495a9","hash":"d9d8c2ee98705d04399fc1568ef6f10da687abbb"}
}
