TN:
SF:src\app.js
FN:23,(anonymous_0)
FN:34,(anonymous_1)
FN:38,(anonymous_2)
FNF:3
FNH:0
FNDA:0,(anonymous_0)
FNDA:0,(anonymous_1)
FNDA:0,(anonymous_2)
DA:1,7
DA:2,7
DA:3,7
DA:4,7
DA:5,7
DA:7,7
DA:8,7
DA:9,7
DA:10,7
DA:11,7
DA:12,7
DA:13,7
DA:15,7
DA:17,7
DA:18,7
DA:19,7
DA:20,7
DA:23,7
DA:26,7
DA:27,7
DA:28,7
DA:29,7
DA:30,7
DA:31,7
DA:32,7
DA:34,7
DA:35,7
DA:37,7
DA:38,0
DA:39,0
DA:43,7
LF:31
LH:29
BRDA:37,0,0,0
BRDA:37,0,1,7
BRF:2
BRH:1
end_of_record
TN:
SF:src\config\env.js
FNF:0
FNH:0
DA:1,7
DA:3,7
DA:5,7
DA:6,21
DA:7,21
DA:11,7
LF:6
LH:6
BRDA:6,0,0,21
BRDA:6,0,1,0
BRDA:12,1,0,7
BRDA:12,1,1,7
BRDA:13,2,0,7
BRDA:13,2,1,7
BRDA:14,3,0,7
BRDA:14,3,1,7
BRDA:15,4,0,7
BRDA:15,4,1,7
BRDA:16,5,0,7
BRDA:16,5,1,7
BRDA:18,6,0,7
BRDA:18,6,1,7
BRDA:19,7,0,7
BRDA:19,7,1,7
BRDA:20,8,0,7
BRDA:20,8,1,7
BRDA:21,9,0,7
BRDA:21,9,1,7
BRDA:22,10,0,7
BRDA:22,10,1,7
BRDA:24,11,0,7
BRDA:24,11,1,7
BRDA:25,12,0,7
BRDA:25,12,1,7
BRF:26
BRH:25
end_of_record
TN:
SF:src\controllers\appointments.controller.js
FN:4,createAppointment
FN:33,listAppointments
FN:51,getAppointment
FN:70,updateAppointmentStatus
FNF:4
FNH:4
FNDA:1,createAppointment
FNDA:1,listAppointments
FNDA:3,getAppointment
FNDA:1,updateAppointmentStatus
DA:1,7
DA:2,7
DA:5,1
DA:6,1
DA:7,1
DA:9,1
DA:19,1
DA:21,1
DA:27,1
DA:29,0
DA:34,1
DA:35,1
DA:37,1
DA:43,1
DA:45,1
DA:47,0
DA:52,3
DA:53,3
DA:59,3
DA:61,2
DA:62,2
DA:64,1
DA:66,0
DA:71,1
DA:72,1
DA:74,1
DA:81,1
DA:83,1
DA:85,0
DA:89,7
LF:30
LH:26
BRDA:19,0,0,0
BRDA:19,0,1,1
BRDA:35,1,0,0
BRDA:35,1,1,1
BRDA:43,2,0,0
BRDA:43,2,1,1
BRDA:59,3,0,1
BRDA:59,3,1,2
BRDA:59,4,0,3
BRDA:59,4,1,3
BRDA:61,5,0,2
BRDA:61,5,1,1
BRDA:62,6,0,1
BRDA:62,6,1,1
BRDA:81,7,0,0
BRDA:81,7,1,1
BRF:16
BRH:12
end_of_record
TN:
SF:src\controllers\auth.controller.js
FN:7,acceptInvite
FN:30,(anonymous_1)
FN:85,signup
FN:132,login
FN:167,logout
FN:175,getMe
FNF:6
FNH:3
FNDA:0,acceptInvite
FNDA:0,(anonymous_1)
FNDA:2,signup
FNDA:2,login
FNDA:0,logout
FNDA:1,getMe
DA:1,7
DA:8,0
DA:9,0
DA:11,0
DA:17,0
DA:18,0
DA:21,0
DA:22,0
DA:25,0
DA:26,0
DA:29,0
DA:30,0
DA:32,0
DA:33,0
DA:38,0
DA:39,0
DA:41,0
DA:43,0
DA:46,0
DA:47,0
DA:51,0
DA:55,0
DA:56,0
DA:59,0
DA:60,0
DA:66,0
DA:71,0
DA:77,0
DA:86,2
DA:87,2
DA:89,2
DA:96,2
DA:97,1
DA:100,1
DA:102,1
DA:111,1
DA:112,0
DA:115,1
DA:116,1
DA:119,1
DA:124,0
DA:133,2
DA:134,2
DA:137,2
DA:142,2
DA:143,1
DA:146,1
DA:152,1
DA:159,0
DA:168,0
DA:176,1
DA:179,7
LF:52
LH:21
BRDA:17,0,0,0
BRDA:17,0,1,0
BRDA:17,1,0,0
BRDA:17,1,1,0
BRDA:21,2,0,0
BRDA:21,2,1,0
BRDA:25,3,0,0
BRDA:25,3,1,0
BRDA:32,4,0,0
BRDA:32,4,1,0
BRDA:38,5,0,0
BRDA:38,5,1,0
BRDA:46,6,0,0
BRDA:46,6,1,0
BRDA:53,7,0,0
BRDA:53,7,1,0
BRDA:55,8,0,0
BRDA:55,8,1,0
BRDA:59,9,0,0
BRDA:59,9,1,0
BRDA:87,10,0,0
BRDA:96,11,0,1
BRDA:96,11,1,1
BRDA:107,12,0,1
BRDA:107,12,1,0
BRDA:108,13,0,1
BRDA:108,13,1,0
BRDA:111,14,0,0
BRDA:111,14,1,1
BRDA:115,15,0,1
BRDA:115,15,1,0
BRDA:142,16,0,1
BRDA:142,16,1,1
BRDA:156,17,0,1
BRDA:156,17,1,0
BRF:35
BRH:9
end_of_record
TN:
SF:src\controllers\checklist.controller.js
FN:4,getChecklist
FN:24,toggleItem
FNF:2
FNH:2
FNDA:1,getChecklist
FNDA:1,toggleItem
DA:1,7
DA:2,7
DA:5,1
DA:6,1
DA:8,1
DA:10,1
DA:16,1
DA:18,1
DA:20,0
DA:25,1
DA:26,1
DA:28,1
DA:35,1
DA:37,1
DA:39,0
DA:43,7
LF:16
LH:14
BRDA:16,0,0,0
BRDA:16,0,1,1
BRDA:35,1,0,0
BRDA:35,1,1,1
BRF:4
BRH:2
end_of_record
TN:
SF:src\controllers\labReports.controller.js
FN:5,ingestReport
FN:29,(anonymous_1)
FN:47,listReportsForPatient
FN:69,getMetricTrend
FN:95,reviewMetric
FN:119,listTriageQueue
FNF:6
FNH:6
FNDA:1,ingestReport
FNDA:1,(anonymous_1)
FNDA:2,listReportsForPatient
FNDA:1,getMetricTrend
FNDA:1,reviewMetric
FNDA:1,listTriageQueue
DA:1,7
DA:2,7
DA:3,7
DA:6,1
DA:7,1
DA:8,1
DA:10,1
DA:23,1
DA:25,1
DA:27,1
DA:28,1
DA:29,1
DA:30,1
DA:35,1
DA:36,1
DA:39,1
DA:41,1
DA:43,0
DA:48,2
DA:49,2
DA:51,2
DA:52,0
DA:55,2
DA:61,2
DA:63,2
DA:65,0
DA:70,1
DA:71,1
DA:72,1
DA:74,1
DA:75,0
DA:78,1
DA:87,1
DA:89,1
DA:91,0
DA:96,1
DA:97,1
DA:99,1
DA:111,1
DA:113,1
DA:115,0
DA:120,1
DA:121,1
DA:122,1
DA:124,0
DA:128,7
LF:46
LH:39
BRDA:14,0,0,1
BRDA:14,0,1,1
BRDA:16,1,0,1
BRDA:16,1,1,1
BRDA:23,2,0,0
BRDA:23,2,1,1
BRDA:28,3,0,1
BRDA:28,3,1,0
BRDA:35,4,0,0
BRDA:35,4,1,1
BRDA:49,5,0,1
BRDA:49,5,1,1
BRDA:51,6,0,0
BRDA:51,6,1,2
BRDA:61,7,0,0
BRDA:61,7,1,2
BRDA:72,8,0,0
BRDA:72,8,1,1
BRDA:74,9,0,0
BRDA:74,9,1,1
BRDA:87,10,0,0
BRDA:87,10,1,1
BRDA:111,11,0,0
BRDA:111,11,1,1
BRF:24
BRH:15
end_of_record
TN:
SF:src\controllers\postVisit.controller.js
FN:3,saveNotes
FN:30,addPrescription
FN:53,addActionItem
FN:86,getPostVisitSummary
FNF:4
FNH:4
FNDA:1,saveNotes
FNDA:1,addPrescription
FNDA:1,addActionItem
FNDA:1,getPostVisitSummary
DA:1,7
DA:4,1
DA:5,1
DA:6,1
DA:8,1
DA:22,1
DA:24,1
DA:26,0
DA:31,1
DA:32,1
DA:33,1
DA:35,1
DA:45,1
DA:47,1
DA:49,0
DA:54,1
DA:55,1
DA:56,1
DA:58,1
DA:64,1
DA:65,0
DA:68,1
DA:78,1
DA:80,1
DA:82,0
DA:87,1
DA:88,1
DA:90,1
DA:96,1
DA:98,0
DA:102,7
LF:31
LH:26
BRDA:22,0,0,0
BRDA:22,0,1,1
BRDA:40,1,0,1
BRDA:40,1,1,0
BRDA:45,2,0,0
BRDA:45,2,1,1
BRDA:64,3,0,0
BRDA:64,3,1,1
BRDA:64,4,0,1
BRDA:64,4,1,1
BRDA:78,5,0,0
BRDA:78,5,1,1
BRF:12
BRH:7
end_of_record
TN:
SF:src\controllers\questionnaire.controller.js
FN:3,listTemplates
FN:19,submitResponses
FN:23,(anonymous_2)
FN:43,getResponsesForAppointment
FNF:4
FNH:4
FNDA:1,listTemplates
FNDA:1,submitResponses
FNDA:1,(anonymous_2)
FNDA:1,getResponsesForAppointment
DA:1,7
DA:4,1
DA:5,1
DA:11,1
DA:13,1
DA:15,0
DA:20,1
DA:21,1
DA:23,1
DA:30,1
DA:35,1
DA:37,1
DA:39,0
DA:44,1
DA:45,1
DA:50,1
DA:52,1
DA:54,0
DA:58,7
LF:19
LH:16
BRDA:11,0,0,0
BRDA:11,0,1,1
BRDA:35,1,0,0
BRDA:35,1,1,1
BRDA:50,2,0,0
BRDA:50,2,1,1
BRF:6
BRH:3
end_of_record
TN:
SF:src\controllers\vitals.controller.js
FN:3,logVital
FN:27,listVitals
FNF:2
FNH:2
FNDA:1,logVital
FNDA:2,listVitals
DA:1,7
DA:4,1
DA:5,1
DA:7,1
DA:19,1
DA:21,1
DA:23,0
DA:28,2
DA:29,2
DA:31,2
DA:32,0
DA:35,2
DA:41,2
DA:43,2
DA:45,0
DA:49,7
LF:16
LH:13
BRDA:11,0,0,1
BRDA:11,0,1,1
BRDA:14,1,0,1
BRDA:14,1,1,0
BRDA:19,2,0,0
BRDA:19,2,1,1
BRDA:29,3,0,1
BRDA:29,3,1,1
BRDA:31,4,0,0
BRDA:31,4,1,2
BRDA:41,5,0,0
BRDA:41,5,1,2
BRF:12
BRH:8
end_of_record
TN:
SF:src\middleware\authGuard.js
FN:3,authGuard
FNF:1
FNH:1
FNDA:34,authGuard
DA:1,7
DA:4,34
DA:5,34
DA:6,1
DA:9,33
DA:11,33
DA:15,33
DA:17,33
DA:18,0
DA:21,33
DA:27,33
DA:28,0
DA:31,33
DA:38,33
DA:40,0
DA:44,7
LF:16
LH:13
BRDA:5,0,0,1
BRDA:5,0,1,33
BRDA:5,1,0,34
BRDA:5,1,1,33
BRDA:17,2,0,0
BRDA:17,2,1,33
BRDA:17,3,0,33
BRDA:17,3,1,33
BRDA:27,4,0,0
BRDA:27,4,1,33
BRDA:27,5,0,33
BRDA:27,5,1,33
BRF:12
BRH:10
end_of_record
TN:
SF:src\middleware\errorHandler.js
FN:1,errorHandler
FNF:1
FNH:0
FNDA:0,errorHandler
DA:2,0
DA:4,0
DA:5,0
DA:7,0
DA:13,7
LF:5
LH:1
BRDA:2,0,0,0
BRDA:2,0,1,0
BRDA:2,0,2,0
BRDA:4,1,0,0
BRDA:4,1,1,0
BRDA:4,1,2,0
BRDA:5,2,0,0
BRDA:5,2,1,0
BRDA:9,3,0,0
BRDA:9,3,1,0
BRF:10
BRH:0
end_of_record
TN:
SF:src\middleware\roleGuard.js
FN:1,roleGuard
FN:2,(anonymous_1)
FNF:2
FNH:2
FNDA:49,roleGuard
FNDA:11,(anonymous_1)
DA:2,49
DA:3,11
DA:4,0
DA:7,11
DA:8,3
DA:13,8
DA:17,7
LF:7
LH:6
BRDA:3,0,0,0
BRDA:3,0,1,11
BRDA:3,1,0,11
BRDA:3,1,1,11
BRDA:7,2,0,3
BRDA:7,2,1,8
BRF:6
BRH:5
end_of_record
TN:
SF:src\middleware\validateBody.js
FN:6,validateBody
FN:7,(anonymous_1)
FNF:2
FNH:2
FNDA:91,validateBody
FNDA:20,(anonymous_1)
DA:7,91
DA:8,20
DA:9,20
DA:10,6
DA:15,14
DA:16,14
DA:20,7
LF:7
LH:7
BRDA:9,0,0,6
BRDA:9,0,1,14
BRF:2
BRH:2
end_of_record
TN:
SF:src\routes\appointments.routes.js
FNF:0
FNH:0
DA:1,7
DA:2,7
DA:3,7
DA:4,7
DA:8,7
DA:14,7
DA:16,7
DA:18,7
DA:20,7
DA:21,7
DA:22,7
DA:23,7
DA:30,7
LF:13
LH:13
BRF:0
BRH:0
end_of_record
TN:
SF:src\routes\auth.routes.js
FNF:0
FNH:0
DA:1,7
DA:2,7
DA:3,7
DA:4,7
DA:5,7
DA:7,7
DA:10,7
DA:11,7
DA:12,7
DA:13,7
DA:16,7
DA:18,7
LF:12
LH:12
BRF:0
BRH:0
end_of_record
TN:
SF:src\routes\checklist.routes.js
FNF:0
FNH:0
DA:1,7
DA:2,7
DA:3,7
DA:4,7
DA:5,7
DA:7,7
DA:9,7
DA:11,7
DA:12,7
DA:14,7
LF:10
LH:10
BRF:0
BRH:0
end_of_record
TN:
SF:src\routes\labReports.routes.js
FNF:0
FNH:0
DA:1,7
DA:2,7
DA:3,7
DA:4,7
DA:5,7
DA:12,7
DA:14,7
DA:16,7
DA:18,7
DA:19,7
DA:20,7
DA:21,7
DA:22,7
DA:29,7
LF:14
LH:14
BRF:0
BRH:0
end_of_record
TN:
SF:src\routes\postVisit.routes.js
FNF:0
FNH:0
DA:1,7
DA:2,7
DA:3,7
DA:4,7
DA:9,7
DA:15,7
DA:17,7
DA:19,7
DA:21,7
DA:22,7
DA:23,7
DA:29,7
DA:36,7
LF:13
LH:13
BRF:0
BRH:0
end_of_record
TN:
SF:src\routes\questionnaire.routes.js
FNF:0
FNH:0
DA:1,7
DA:2,7
DA:3,7
DA:4,7
DA:9,7
DA:11,7
DA:13,7
DA:15,7
DA:16,7
DA:17,7
DA:19,7
LF:11
LH:11
BRF:0
BRH:0
end_of_record
TN:
SF:src\routes\vitals.routes.js
FNF:0
FNH:0
DA:1,7
DA:2,7
DA:3,7
DA:4,7
DA:5,7
DA:7,7
DA:9,7
DA:11,7
DA:12,7
DA:14,7
LF:10
LH:10
BRF:0
BRH:0
end_of_record
TN:
SF:src\services\checklist.service.js
FN:6,ensureStaticChecklistItems
FN:26,(anonymous_1)
FN:28,(anonymous_2)
FN:29,(anonymous_3)
FN:53,addAiGeneratedChecklistItem
FNF:5
FNH:0
FNDA:0,ensureStaticChecklistItems
FNDA:0,(anonymous_1)
FNDA:0,(anonymous_2)
FNDA:0,(anonymous_3)
FNDA:0,addAiGeneratedChecklistItem
DA:1,6
DA:7,0
DA:13,0
DA:14,0
DA:17,0
DA:22,0
DA:23,0
DA:26,0
DA:27,0
DA:28,0
DA:29,0
DA:36,0
DA:38,0
DA:43,0
DA:44,0
DA:47,0
DA:54,0
DA:66,0
DA:67,0
DA:70,0
DA:73,6
LF:21
LH:2
BRDA:13,0,0,0
BRDA:13,0,1,0
BRDA:22,1,0,0
BRDA:22,1,1,0
BRDA:26,2,0,0
BRDA:26,2,1,0
BRDA:27,3,0,0
BRDA:27,3,1,0
BRDA:36,4,0,0
BRDA:36,4,1,0
BRDA:43,5,0,0
BRDA:43,5,1,0
BRDA:66,6,0,0
BRDA:66,6,1,0
BRF:14
BRH:0
end_of_record
TN:
SF:src\services\invite.service.js
FN:13,generateToken
FN:20,createAndSendInvite
FNF:2
FNH:0
FNDA:0,generateToken
FNDA:0,createAndSendInvite
DA:1,6
DA:2,6
DA:3,6
DA:4,6
DA:6,6
DA:14,0
DA:21,0
DA:22,0
DA:24,0
DA:35,0
DA:36,0
DA:39,0
DA:41,0
DA:42,0
DA:54,0
DA:57,0
DA:60,6
LF:17
LH:6
BRDA:10,0,0,0
BRDA:10,0,1,6
BRDA:35,1,0,0
BRDA:35,1,1,0
BRDA:47,2,0,0
BRDA:47,2,1,0
BRF:6
BRH:1
end_of_record
TN:
SF:src\services\triage.service.js
FN:7,maybeFlagReportForTriage
FN:8,(anonymous_1)
FN:34,getTriageQueue
FNF:3
FNH:0
FNDA:0,maybeFlagReportForTriage
FNDA:0,(anonymous_1)
FNDA:0,getTriageQueue
DA:1,6
DA:2,6
DA:8,0
DA:9,0
DA:11,0
DA:12,0
DA:15,0
DA:16,0
DA:19,0
DA:23,0
DA:35,0
DA:47,0
DA:48,0
DA:51,0
DA:54,6
LF:15
LH:3
BRDA:9,0,0,0
BRDA:9,0,1,0
BRDA:11,1,0,0
BRDA:11,1,1,0
BRDA:11,2,0,0
BRDA:11,2,1,0
BRDA:15,3,0,0
BRDA:15,3,1,0
BRDA:19,4,0,0
BRDA:19,4,1,0
BRDA:47,5,0,0
BRDA:47,5,1,0
BRF:12
BRH:0
end_of_record
TN:
SF:src\services\standardization\standardizeLabReport.service.js
FN:9,loadDictionary
FN:29,normalizeKey
FN:33,findDictionaryEntry
FN:36,(anonymous_3)
FN:38,(anonymous_4)
FN:42,standardizeMetrics
FN:45,(anonymous_6)
FNF:7
FNH:0
FNDA:0,loadDictionary
FNDA:0,normalizeKey
FNDA:0,findDictionaryEntry
FNDA:0,(anonymous_3)
FNDA:0,(anonymous_4)
FNDA:0,standardizeMetrics
FNDA:0,(anonymous_6)
DA:1,6
DA:2,6
DA:3,6
DA:5,6
DA:6,6
DA:7,6
DA:10,0
DA:11,0
DA:12,0
DA:15,0
DA:20,0
DA:21,0
DA:24,0
DA:25,0
DA:26,0
DA:30,0
DA:34,0
DA:36,0
DA:37,0
DA:38,0
DA:43,0
DA:45,0
DA:46,0
DA:47,0
DA:48,0
DA:50,0
DA:51,0
DA:63,0
DA:67,0
DA:69,0
DA:71,0
DA:73,0
DA:86,6
LF:33
LH:7
BRDA:11,0,0,0
BRDA:11,0,1,0
BRDA:11,1,0,0
BRDA:11,1,1,0
BRDA:20,2,0,0
BRDA:20,2,1,0
BRDA:37,3,0,0
BRDA:37,3,1,0
BRDA:38,4,0,0
BRDA:38,4,1,0
BRDA:47,5,0,0
BRDA:47,5,1,0
BRDA:50,6,0,0
BRDA:50,6,1,0
BRDA:55,7,0,0
BRDA:55,7,1,0
BRDA:56,8,0,0
BRDA:56,8,1,0
BRDA:58,9,0,0
BRDA:58,9,1,0
BRDA:63,10,0,0
BRDA:63,10,1,0
BRDA:67,11,0,0
BRDA:67,11,1,0
BRDA:69,12,0,0
BRDA:69,12,1,0
BRDA:71,13,0,0
BRDA:71,13,1,0
BRDA:71,13,2,0
BRDA:78,14,0,0
BRDA:78,14,1,0
BRDA:79,15,0,0
BRDA:79,15,1,0
BRDA:80,16,0,0
BRDA:80,16,1,0
BRF:35
BRH:0
end_of_record
TN:
SF:src\services\standardization\unitConversion.service.js
FN:2,(anonymous_0)
FN:3,(anonymous_1)
FN:4,(anonymous_2)
FN:5,(anonymous_3)
FN:6,(anonymous_4)
FN:7,(anonymous_5)
FN:10,normalizeUnit
FN:14,convertUnit
FNF:8
FNH:0
FNDA:0,(anonymous_0)
FNDA:0,(anonymous_1)
FNDA:0,(anonymous_2)
FNDA:0,(anonymous_3)
FNDA:0,(anonymous_4)
FNDA:0,(anonymous_5)
FNDA:0,normalizeUnit
FNDA:0,convertUnit
DA:1,6
DA:2,0
DA:3,0
DA:4,0
DA:5,0
DA:6,0
DA:7,0
DA:11,0
DA:15,0
DA:16,0
DA:18,0
DA:19,0
DA:22,0
DA:23,0
DA:25,0
DA:26,0
DA:29,0
DA:32,6
LF:18
LH:2
BRDA:11,0,0,0
BRDA:11,0,1,0
BRDA:18,1,0,0
BRDA:18,1,1,0
BRDA:18,2,0,0
BRDA:18,2,1,0
BRDA:18,2,2,0
BRDA:23,3,0,0
BRDA:23,3,1,0
BRDA:25,4,0,0
BRDA:25,4,1,0
BRF:11
BRH:0
end_of_record
TN:
SF:src\validators\appointments.validators.js
FNF:0
FNH:0
DA:1,7
DA:3,7
DA:9,7
DA:13,7
LF:4
LH:4
BRF:0
BRH:0
end_of_record
TN:
SF:src\validators\auth.validators.js
FNF:0
FNH:0
DA:1,7
DA:3,7
DA:8,7
DA:16,7
DA:21,7
LF:5
LH:5
BRF:0
BRH:0
end_of_record
TN:
SF:src\validators\checklist.validators.js
FNF:0
FNH:0
DA:1,7
DA:3,7
DA:7,7
LF:3
LH:3
BRF:0
BRH:0
end_of_record
TN:
SF:src\validators\labReports.validators.js
FNF:0
FNH:0
DA:1,7
DA:4,7
DA:12,7
DA:20,7
DA:25,7
LF:5
LH:5
BRF:0
BRH:0
end_of_record
TN:
SF:src\validators\postVisit.validators.js
FNF:0
FNH:0
DA:1,7
DA:3,7
DA:7,7
DA:12,7
DA:16,7
LF:5
LH:5
BRF:0
BRH:0
end_of_record
TN:
SF:src\validators\questionnaire.validators.js
FNF:0
FNH:0
DA:1,7
DA:3,7
DA:15,7
LF:3
LH:3
BRF:0
BRH:0
end_of_record
TN:
SF:src\validators\vitals.validators.js
FNF:0
FNH:0
DA:1,7
DA:3,7
DA:10,7
LF:3
LH:3
BRF:0
BRH:0
end_of_record
